<?xml version="1.0" encoding="UTF-8"?>
<coverage generated="1552755269103" clover="3.2.0">
  <project timestamp="1552755269103" name="All files">
    <metrics statements="59" coveredstatements="59" conditionals="13" coveredconditionals="9" methods="32" coveredmethods="32" elements="104" coveredelements="100" complexity="0" loc="59" ncloc="59" packages="2" files="9" classes="9"/>
    <package name="components">
      <metrics statements="27" coveredstatements="27" conditionals="8" coveredconditionals="8" methods="8" coveredmethods="8"/>
      <file name="Account.js" path="/Users/patrickmclennan/Documents/record_store/client/components/Account.js">
        <metrics statements="13" coveredstatements="13" conditionals="4" coveredconditionals="4" methods="4" coveredmethods="4"/>
        <line num="13" count="4" type="stmt"/>
        <line num="14" count="4" type="stmt"/>
        <line num="15" count="4" type="stmt"/>
        <line num="16" count="4" type="stmt"/>
        <line num="20" count="6" type="stmt"/>
        <line num="21" count="6" type="stmt"/>
        <line num="22" count="6" type="stmt"/>
        <line num="23" count="6" type="stmt"/>
        <line num="27" count="2" type="stmt"/>
        <line num="28" count="2" type="stmt"/>
        <line num="32" count="12" type="stmt"/>
        <line num="33" count="12" type="stmt"/>
        <line num="110" count="1" type="stmt"/>
      </file>
      <file name="AddRecord.js" path="/Users/patrickmclennan/Documents/record_store/client/components/AddRecord.js">
        <metrics statements="8" coveredstatements="8" conditionals="4" coveredconditionals="4" methods="3" coveredmethods="3"/>
        <line num="15" count="1" type="stmt"/>
        <line num="16" count="1" type="stmt"/>
        <line num="17" count="1" type="stmt"/>
        <line num="21" count="3" type="stmt"/>
        <line num="22" count="3" type="stmt"/>
        <line num="28" count="5" type="stmt"/>
        <line num="29" count="5" type="stmt"/>
        <line num="86" count="1" type="stmt"/>
      </file>
      <file name="SectionHeader.js" path="/Users/patrickmclennan/Documents/record_store/client/components/SectionHeader.js">
        <metrics statements="3" coveredstatements="3" conditionals="0" coveredconditionals="0" methods="1" coveredmethods="1"/>
        <line num="4" count="2" type="stmt"/>
        <line num="5" count="17" type="stmt"/>
        <line num="10" count="2" type="stmt"/>
      </file>
      <file name="dummies.js" path="/Users/patrickmclennan/Documents/record_store/client/components/dummies.js">
        <metrics statements="3" coveredstatements="3" conditionals="0" coveredconditionals="0" methods="0" coveredmethods="0"/>
        <line num="1" count="2" type="stmt"/>
        <line num="22" count="2" type="stmt"/>
        <line num="33" count="2" type="stmt"/>
      </file>
    </package>
    <package name="components.styles">
      <metrics statements="32" coveredstatements="32" conditionals="5" coveredconditionals="1" methods="24" coveredmethods="24"/>
      <file name="SectionHeader.styles.js" path="/Users/patrickmclennan/Documents/record_store/client/components/styles/SectionHeader.styles.js">
        <metrics statements="2" coveredstatements="2" conditionals="0" coveredconditionals="0" methods="1" coveredmethods="1"/>
        <line num="3" count="2" type="stmt"/>
        <line num="11" count="34" type="stmt"/>
      </file>
      <file name="UserBadge.styles.js" path="/Users/patrickmclennan/Documents/record_store/client/components/styles/UserBadge.styles.js">
        <metrics statements="2" coveredstatements="2" conditionals="2" coveredconditionals="1" methods="1" coveredmethods="1"/>
        <line num="4" count="2" type="stmt"/>
        <line num="13" count="28" type="cond" truecount="1" falsecount="1"/>
      </file>
      <file name="form.styles.js" path="/Users/patrickmclennan/Documents/record_store/client/components/styles/form.styles.js">
        <metrics statements="20" coveredstatements="20" conditionals="0" coveredconditionals="0" methods="19" coveredmethods="19"/>
        <line num="4" count="2" type="stmt"/>
        <line num="6" count="34" type="stmt"/>
        <line num="14" count="34" type="stmt"/>
        <line num="24" count="34" type="stmt"/>
        <line num="25" count="34" type="stmt"/>
        <line num="26" count="34" type="stmt"/>
        <line num="31" count="34" type="stmt"/>
        <line num="47" count="34" type="stmt"/>
        <line num="48" count="34" type="stmt"/>
        <line num="54" count="34" type="stmt"/>
        <line num="58" count="34" type="stmt"/>
        <line num="71" count="34" type="stmt"/>
        <line num="89" count="34" type="stmt"/>
        <line num="96" count="34" type="stmt"/>
        <line num="97" count="34" type="stmt"/>
        <line num="104" count="34" type="stmt"/>
        <line num="105" count="34" type="stmt"/>
        <line num="112" count="34" type="stmt"/>
        <line num="124" count="34" type="stmt"/>
        <line num="125" count="34" type="stmt"/>
      </file>
      <file name="index.styles.js" path="/Users/patrickmclennan/Documents/record_store/client/components/styles/index.styles.js">
        <metrics statements="4" coveredstatements="4" conditionals="3" coveredconditionals="0" methods="1" coveredmethods="1"/>
        <line num="4" count="2" type="stmt"/>
        <line num="52" count="2" type="stmt"/>
        <line num="59" count="34" type="stmt"/>
        <line num="84" count="2" type="stmt"/>
      </file>
      <file name="queries.js" path="/Users/patrickmclennan/Documents/record_store/client/components/styles/queries.js">
        <metrics statements="4" coveredstatements="4" conditionals="0" coveredconditionals="0" methods="2" coveredmethods="2"/>
        <line num="3" count="2" type="stmt"/>
        <line num="15" count="2" type="stmt"/>
        <line num="16" count="18" type="stmt"/>
        <line num="19" count="6" type="stmt"/>
      </file>
    </package>
  </project>
</coverage>
