{"/Users/patrickmclennan/Documents/record_store/client/components/Account.js": {"path":"/Users/patrickmclennan/Documents/record_store/client/components/Account.js","statementMap":{"0":{"start":{"line":13,"column":26},"end":{"line":13,"column":34}},"1":{"start":{"line":14,"column":21},"end":{"line":14,"column":31}},"2":{"start":{"line":15,"column":4},"end":{"line":15,"column":30}},"3":{"start":{"line":16,"column":4},"end":{"line":16,"column":35}},"4":{"start":{"line":20,"column":26},"end":{"line":20,"column":34}},"5":{"start":{"line":21,"column":21},"end":{"line":21,"column":31}},"6":{"start":{"line":22,"column":4},"end":{"line":22,"column":25}},"7":{"start":{"line":23,"column":4},"end":{"line":23,"column":35}},"8":{"start":{"line":27,"column":4},"end":{"line":27,"column":23}},"9":{"start":{"line":28,"column":4},"end":{"line":28,"column":36}},"10":{"start":{"line":32,"column":42},"end":{"line":32,"column":52}},"11":{"start":{"line":33,"column":4},"end":{"line":104,"column":6}},"12":{"start":{"line":108,"column":0},"end":{"line":111,"column":2}}},"fnMap":{"0":{"name":"(anonymous_0)","decl":{"start":{"line":12,"column":21},"end":{"line":12,"column":22}},"loc":{"start":{"line":12,"column":26},"end":{"line":17,"column":3}},"line":12},"1":{"name":"(anonymous_1)","decl":{"start":{"line":19,"column":17},"end":{"line":19,"column":18}},"loc":{"start":{"line":19,"column":22},"end":{"line":24,"column":3}},"line":19},"2":{"name":"(anonymous_2)","decl":{"start":{"line":26,"column":17},"end":{"line":26,"column":18}},"loc":{"start":{"line":26,"column":22},"end":{"line":29,"column":3}},"line":26},"3":{"name":"(anonymous_3)","decl":{"start":{"line":31,"column":2},"end":{"line":31,"column":3}},"loc":{"start":{"line":31,"column":11},"end":{"line":105,"column":3}},"line":31}},"branchMap":{"0":{"loc":{"start":{"line":37,"column":15},"end":{"line":37,"column":66}},"type":"cond-expr","locations":[{"start":{"line":37,"column":25},"end":{"line":37,"column":32}},{"start":{"line":37,"column":35},"end":{"line":37,"column":66}}],"line":37},"1":{"loc":{"start":{"line":38,"column":15},"end":{"line":38,"column":55}},"type":"cond-expr","locations":[{"start":{"line":38,"column":28},"end":{"line":38,"column":38}},{"start":{"line":38,"column":41},"end":{"line":38,"column":55}}],"line":38},"2":{"loc":{"start":{"line":93,"column":14},"end":{"line":93,"column":73}},"type":"cond-expr","locations":[{"start":{"line":93,"column":27},"end":{"line":93,"column":51}},{"start":{"line":93,"column":54},"end":{"line":93,"column":73}}],"line":93}},"s":{"0":2,"1":2,"2":2,"3":2,"4":3,"5":3,"6":3,"7":3,"8":1,"9":1,"10":6,"11":6,"12":1},"f":{"0":2,"1":3,"2":1,"3":6},"b":{"0":[6,0],"1":[6,0],"2":[6,0]},"_coverageSchema":"43e27e138ebf9cfc5966b082cf9a028302ed4184","hash":"66b3f8b7ca247ab73b03f9aa36560a47e713321f"}
,"/Users/patrickmclennan/Documents/record_store/client/components/AddRecord.js": {"path":"/Users/patrickmclennan/Documents/record_store/client/components/AddRecord.js","statementMap":{"0":{"start":{"line":15,"column":4},"end":{"line":15,"column":23}},"1":{"start":{"line":16,"column":4},"end":{"line":16,"column":46}},"2":{"start":{"line":17,"column":4},"end":{"line":17,"column":56}},"3":{"start":{"line":21,"column":26},"end":{"line":21,"column":34}},"4":{"start":{"line":22,"column":4},"end":{"line":24,"column":7}},"5":{"start":{"line":28,"column":37},"end":{"line":28,"column":47}},"6":{"start":{"line":29,"column":4},"end":{"line":82,"column":6}},"7":{"start":{"line":86,"column":0},"end":{"line":88,"column":2}}},"fnMap":{"0":{"name":"(anonymous_0)","decl":{"start":{"line":14,"column":17},"end":{"line":14,"column":18}},"loc":{"start":{"line":14,"column":28},"end":{"line":18,"column":3}},"line":14},"1":{"name":"(anonymous_1)","decl":{"start":{"line":20,"column":17},"end":{"line":20,"column":18}},"loc":{"start":{"line":20,"column":22},"end":{"line":25,"column":3}},"line":20},"2":{"name":"(anonymous_2)","decl":{"start":{"line":27,"column":2},"end":{"line":27,"column":3}},"loc":{"start":{"line":27,"column":11},"end":{"line":83,"column":3}},"line":27}},"branchMap":{"0":{"loc":{"start":{"line":34,"column":15},"end":{"line":34,"column":62}},"type":"cond-expr","locations":[{"start":{"line":34,"column":23},"end":{"line":34,"column":28}},{"start":{"line":34,"column":31},"end":{"line":34,"column":62}}],"line":34},"1":{"loc":{"start":{"line":35,"column":15},"end":{"line":35,"column":46}},"type":"cond-expr","locations":[{"start":{"line":35,"column":23},"end":{"line":35,"column":28}},{"start":{"line":35,"column":31},"end":{"line":35,"column":46}}],"line":35}},"s":{"0":1,"1":1,"2":1,"3":3,"4":3,"5":5,"6":5,"7":1},"f":{"0":1,"1":3,"2":5},"b":{"0":[1,4],"1":[3,2]},"_coverageSchema":"43e27e138ebf9cfc5966b082cf9a028302ed4184","hash":"e5a1b86794300efde55b6f9f8458f6fd43714334"}
,"/Users/patrickmclennan/Documents/record_store/client/components/Loader.js": {"path":"/Users/patrickmclennan/Documents/record_store/client/components/Loader.js","statementMap":{"0":{"start":{"line":6,"column":4},"end":{"line":6,"column":24}}},"fnMap":{"0":{"name":"(anonymous_0)","decl":{"start":{"line":5,"column":2},"end":{"line":5,"column":3}},"loc":{"start":{"line":5,"column":11},"end":{"line":7,"column":3}},"line":5}},"branchMap":{},"s":{"0":0},"f":{"0":0},"b":{},"_coverageSchema":"43e27e138ebf9cfc5966b082cf9a028302ed4184","hash":"889d268d1525b2917c37666720ee4bc093e9b77b"}
,"/Users/patrickmclennan/Documents/record_store/client/components/Nav.js": {"path":"/Users/patrickmclennan/Documents/record_store/client/components/Nav.js","statementMap":{"0":{"start":{"line":13,"column":23},"end":{"line":13,"column":33}},"1":{"start":{"line":14,"column":4},"end":{"line":14,"column":35}},"2":{"start":{"line":15,"column":4},"end":{"line":15,"column":13}},"3":{"start":{"line":19,"column":27},"end":{"line":19,"column":37}},"4":{"start":{"line":20,"column":4},"end":{"line":20,"column":21}},"5":{"start":{"line":21,"column":4},"end":{"line":21,"column":35}},"6":{"start":{"line":25,"column":21},"end":{"line":25,"column":31}},"7":{"start":{"line":26,"column":21},"end":{"line":26,"column":31}},"8":{"start":{"line":27,"column":4},"end":{"line":87,"column":6}},"9":{"start":{"line":40,"column":31},"end":{"line":40,"column":44}},"10":{"start":{"line":47,"column":31},"end":{"line":47,"column":56}},"11":{"start":{"line":54,"column":31},"end":{"line":54,"column":57}},"12":{"start":{"line":61,"column":31},"end":{"line":61,"column":55}},"13":{"start":{"line":68,"column":31},"end":{"line":68,"column":53}},"14":{"start":{"line":81,"column":29},"end":{"line":81,"column":59}},"15":{"start":{"line":85,"column":40},"end":{"line":85,"column":70}},"16":{"start":{"line":91,"column":0},"end":{"line":95,"column":2}}},"fnMap":{"0":{"name":"(anonymous_0)","decl":{"start":{"line":12,"column":11},"end":{"line":12,"column":12}},"loc":{"start":{"line":12,"column":17},"end":{"line":16,"column":3}},"line":12},"1":{"name":"(anonymous_1)","decl":{"start":{"line":18,"column":15},"end":{"line":18,"column":16}},"loc":{"start":{"line":18,"column":23},"end":{"line":22,"column":3}},"line":18},"2":{"name":"(anonymous_2)","decl":{"start":{"line":24,"column":2},"end":{"line":24,"column":3}},"loc":{"start":{"line":24,"column":11},"end":{"line":88,"column":3}},"line":24},"3":{"name":"(anonymous_3)","decl":{"start":{"line":40,"column":25},"end":{"line":40,"column":26}},"loc":{"start":{"line":40,"column":31},"end":{"line":40,"column":44}},"line":40},"4":{"name":"(anonymous_4)","decl":{"start":{"line":47,"column":25},"end":{"line":47,"column":26}},"loc":{"start":{"line":47,"column":31},"end":{"line":47,"column":56}},"line":47},"5":{"name":"(anonymous_5)","decl":{"start":{"line":54,"column":25},"end":{"line":54,"column":26}},"loc":{"start":{"line":54,"column":31},"end":{"line":54,"column":57}},"line":54},"6":{"name":"(anonymous_6)","decl":{"start":{"line":61,"column":25},"end":{"line":61,"column":26}},"loc":{"start":{"line":61,"column":31},"end":{"line":61,"column":55}},"line":61},"7":{"name":"(anonymous_7)","decl":{"start":{"line":68,"column":25},"end":{"line":68,"column":26}},"loc":{"start":{"line":68,"column":31},"end":{"line":68,"column":53}},"line":68},"8":{"name":"(anonymous_8)","decl":{"start":{"line":81,"column":23},"end":{"line":81,"column":24}},"loc":{"start":{"line":81,"column":29},"end":{"line":81,"column":59}},"line":81},"9":{"name":"(anonymous_9)","decl":{"start":{"line":85,"column":34},"end":{"line":85,"column":35}},"loc":{"start":{"line":85,"column":40},"end":{"line":85,"column":70}},"line":85}},"branchMap":{"0":{"loc":{"start":{"line":33,"column":9},"end":{"line":84,"column":9}},"type":"binary-expr","locations":[{"start":{"line":33,"column":9},"end":{"line":33,"column":13}},{"start":{"line":34,"column":10},"end":{"line":83,"column":13}}],"line":33},"1":{"loc":{"start":{"line":38,"column":27},"end":{"line":38,"column":53}},"type":"cond-expr","locations":[{"start":{"line":38,"column":34},"end":{"line":38,"column":42}},{"start":{"line":38,"column":45},"end":{"line":38,"column":53}}],"line":38},"2":{"loc":{"start":{"line":45,"column":27},"end":{"line":45,"column":53}},"type":"cond-expr","locations":[{"start":{"line":45,"column":34},"end":{"line":45,"column":42}},{"start":{"line":45,"column":45},"end":{"line":45,"column":53}}],"line":45},"3":{"loc":{"start":{"line":52,"column":27},"end":{"line":52,"column":53}},"type":"cond-expr","locations":[{"start":{"line":52,"column":34},"end":{"line":52,"column":42}},{"start":{"line":52,"column":45},"end":{"line":52,"column":53}}],"line":52},"4":{"loc":{"start":{"line":59,"column":27},"end":{"line":59,"column":53}},"type":"cond-expr","locations":[{"start":{"line":59,"column":34},"end":{"line":59,"column":42}},{"start":{"line":59,"column":45},"end":{"line":59,"column":53}}],"line":59},"5":{"loc":{"start":{"line":66,"column":27},"end":{"line":66,"column":53}},"type":"cond-expr","locations":[{"start":{"line":66,"column":34},"end":{"line":66,"column":42}},{"start":{"line":66,"column":45},"end":{"line":66,"column":53}}],"line":66},"6":{"loc":{"start":{"line":75,"column":16},"end":{"line":77,"column":51}},"type":"cond-expr","locations":[{"start":{"line":76,"column":20},"end":{"line":76,"column":32}},{"start":{"line":77,"column":20},"end":{"line":77,"column":51}}],"line":75},"7":{"loc":{"start":{"line":75,"column":16},"end":{"line":75,"column":36}},"type":"binary-expr","locations":[{"start":{"line":75,"column":16},"end":{"line":75,"column":20}},{"start":{"line":75,"column":24},"end":{"line":75,"column":36}}],"line":75},"8":{"loc":{"start":{"line":79,"column":19},"end":{"line":79,"column":79}},"type":"cond-expr","locations":[{"start":{"line":79,"column":45},"end":{"line":79,"column":62}},{"start":{"line":79,"column":65},"end":{"line":79,"column":79}}],"line":79},"9":{"loc":{"start":{"line":79,"column":19},"end":{"line":79,"column":42}},"type":"binary-expr","locations":[{"start":{"line":79,"column":19},"end":{"line":79,"column":23}},{"start":{"line":79,"column":27},"end":{"line":79,"column":42}}],"line":79},"10":{"loc":{"start":{"line":85,"column":9},"end":{"line":85,"column":74}},"type":"binary-expr","locations":[{"start":{"line":85,"column":9},"end":{"line":85,"column":13}},{"start":{"line":85,"column":17},"end":{"line":85,"column":74}}],"line":85}},"s":{"0":1,"1":1,"2":1,"3":4,"4":4,"5":4,"6":6,"7":6,"8":6,"9":1,"10":0,"11":2,"12":1,"13":1,"14":0,"15":0,"16":1},"f":{"0":1,"1":4,"2":6,"3":1,"4":0,"5":2,"6":1,"7":1,"8":0,"9":0},"b":{"0":[6,6],"1":[0,6],"2":[0,6],"3":[0,6],"4":[0,6],"5":[0,6],"6":[6,0],"7":[6,6],"8":[6,0],"9":[6,6],"10":[6,0]},"_coverageSchema":"43e27e138ebf9cfc5966b082cf9a028302ed4184","hash":"f0661c20495b863fac55affd83898048c336232c"}
,"/Users/patrickmclennan/Documents/record_store/client/components/Record.js": {"path":"/Users/patrickmclennan/Documents/record_store/client/components/Record.js","statementMap":{"0":{"start":{"line":5,"column":15},"end":{"line":22,"column":1}},"1":{"start":{"line":6,"column":2},"end":{"line":21,"column":17}},"2":{"start":{"line":24,"column":0},"end":{"line":31,"column":2}}},"fnMap":{"0":{"name":"(anonymous_0)","decl":{"start":{"line":5,"column":15},"end":{"line":5,"column":16}},"loc":{"start":{"line":6,"column":2},"end":{"line":21,"column":17}},"line":6}},"branchMap":{"0":{"loc":{"start":{"line":13,"column":7},"end":{"line":19,"column":7}},"type":"binary-expr","locations":[{"start":{"line":13,"column":7},"end":{"line":13,"column":18}},{"start":{"line":14,"column":8},"end":{"line":18,"column":10}}],"line":13}},"s":{"0":3,"1":6,"2":3},"f":{"0":6},"b":{"0":[6,5]},"_coverageSchema":"43e27e138ebf9cfc5966b082cf9a028302ed4184","hash":"95613e5704e06e90e6082d1156409fafa8034ca2"}
,"/Users/patrickmclennan/Documents/record_store/client/components/SVGs.js": {"path":"/Users/patrickmclennan/Documents/record_store/client/components/SVGs.js","statementMap":{"0":{"start":{"line":10,"column":31},"end":{"line":42,"column":1}},"1":{"start":{"line":11,"column":2},"end":{"line":41,"column":10}},"2":{"start":{"line":44,"column":29},"end":{"line":76,"column":1}},"3":{"start":{"line":45,"column":2},"end":{"line":75,"column":15}},"4":{"start":{"line":78,"column":31},"end":{"line":110,"column":1}},"5":{"start":{"line":79,"column":2},"end":{"line":109,"column":17}},"6":{"start":{"line":112,"column":26},"end":{"line":146,"column":1}},"7":{"start":{"line":113,"column":2},"end":{"line":145,"column":12}},"8":{"start":{"line":115,"column":19},"end":{"line":115,"column":34}},"9":{"start":{"line":147,"column":0},"end":{"line":150,"column":2}},"10":{"start":{"line":152,"column":25},"end":{"line":161,"column":1}},"11":{"start":{"line":153,"column":2},"end":{"line":160,"column":6}},"12":{"start":{"line":163,"column":27},"end":{"line":172,"column":1}},"13":{"start":{"line":164,"column":2},"end":{"line":171,"column":6}}},"fnMap":{"0":{"name":"(anonymous_0)","decl":{"start":{"line":10,"column":31},"end":{"line":10,"column":32}},"loc":{"start":{"line":11,"column":2},"end":{"line":41,"column":10}},"line":11},"1":{"name":"(anonymous_1)","decl":{"start":{"line":44,"column":29},"end":{"line":44,"column":30}},"loc":{"start":{"line":45,"column":2},"end":{"line":75,"column":15}},"line":45},"2":{"name":"(anonymous_2)","decl":{"start":{"line":78,"column":31},"end":{"line":78,"column":32}},"loc":{"start":{"line":79,"column":2},"end":{"line":109,"column":17}},"line":79},"3":{"name":"(anonymous_3)","decl":{"start":{"line":112,"column":26},"end":{"line":112,"column":27}},"loc":{"start":{"line":113,"column":2},"end":{"line":145,"column":12}},"line":113},"4":{"name":"(anonymous_4)","decl":{"start":{"line":115,"column":13},"end":{"line":115,"column":14}},"loc":{"start":{"line":115,"column":19},"end":{"line":115,"column":34}},"line":115},"5":{"name":"(anonymous_5)","decl":{"start":{"line":152,"column":25},"end":{"line":152,"column":26}},"loc":{"start":{"line":153,"column":2},"end":{"line":160,"column":6}},"line":153},"6":{"name":"(anonymous_6)","decl":{"start":{"line":163,"column":27},"end":{"line":163,"column":28}},"loc":{"start":{"line":164,"column":2},"end":{"line":171,"column":6}},"line":164}},"branchMap":{},"s":{"0":4,"1":4,"2":4,"3":0,"4":4,"5":0,"6":4,"7":5,"8":2,"9":4,"10":4,"11":4,"12":4,"13":4},"f":{"0":4,"1":0,"2":0,"3":5,"4":2,"5":4,"6":4},"b":{},"_coverageSchema":"43e27e138ebf9cfc5966b082cf9a028302ed4184","hash":"3086bf8f51f379f548df576872c5df374515526e"}
,"/Users/patrickmclennan/Documents/record_store/client/components/Search.js": {"path":"/Users/patrickmclennan/Documents/record_store/client/components/Search.js","statementMap":{"0":{"start":{"line":19,"column":24},"end":{"line":19,"column":47}},"1":{"start":{"line":20,"column":26},"end":{"line":22,"column":5}},"2":{"start":{"line":21,"column":6},"end":{"line":21,"column":68}},"3":{"start":{"line":23,"column":4},"end":{"line":23,"column":62}},"4":{"start":{"line":27,"column":22},"end":{"line":27,"column":30}},"5":{"start":{"line":28,"column":4},"end":{"line":30,"column":7}},"6":{"start":{"line":34,"column":30},"end":{"line":34,"column":40}},"7":{"start":{"line":35,"column":4},"end":{"line":35,"column":23}},"8":{"start":{"line":36,"column":4},"end":{"line":38,"column":5}},"9":{"start":{"line":37,"column":6},"end":{"line":37,"column":18}},"10":{"start":{"line":39,"column":25},"end":{"line":39,"column":63}},"11":{"start":{"line":40,"column":4},"end":{"line":42,"column":7}},"12":{"start":{"line":46,"column":37},"end":{"line":46,"column":47}},"13":{"start":{"line":47,"column":51},"end":{"line":47,"column":63}},"14":{"start":{"line":48,"column":4},"end":{"line":104,"column":6}},"15":{"start":{"line":88,"column":14},"end":{"line":95,"column":16}},"16":{"start":{"line":108,"column":0},"end":{"line":110,"column":2}}},"fnMap":{"0":{"name":"(anonymous_0)","decl":{"start":{"line":18,"column":15},"end":{"line":18,"column":16}},"loc":{"start":{"line":18,"column":40},"end":{"line":24,"column":3}},"line":18},"1":{"name":"(anonymous_1)","decl":{"start":{"line":20,"column":39},"end":{"line":20,"column":40}},"loc":{"start":{"line":21,"column":6},"end":{"line":21,"column":68}},"line":21},"2":{"name":"(anonymous_2)","decl":{"start":{"line":26,"column":17},"end":{"line":26,"column":18}},"loc":{"start":{"line":26,"column":22},"end":{"line":31,"column":3}},"line":26},"3":{"name":"(anonymous_3)","decl":{"start":{"line":33,"column":17},"end":{"line":33,"column":18}},"loc":{"start":{"line":33,"column":28},"end":{"line":43,"column":3}},"line":33},"4":{"name":"(anonymous_4)","decl":{"start":{"line":45,"column":2},"end":{"line":45,"column":3}},"loc":{"start":{"line":45,"column":11},"end":{"line":105,"column":3}},"line":45},"5":{"name":"(anonymous_5)","decl":{"start":{"line":87,"column":24},"end":{"line":87,"column":25}},"loc":{"start":{"line":88,"column":14},"end":{"line":95,"column":16}},"line":88}},"branchMap":{"0":{"loc":{"start":{"line":18,"column":16},"end":{"line":18,"column":35}},"type":"default-arg","locations":[{"start":{"line":18,"column":27},"end":{"line":18,"column":35}}],"line":18},"1":{"loc":{"start":{"line":21,"column":6},"end":{"line":21,"column":68}},"type":"cond-expr","locations":[{"start":{"line":21,"column":62},"end":{"line":21,"column":63}},{"start":{"line":21,"column":66},"end":{"line":21,"column":68}}],"line":21},"2":{"loc":{"start":{"line":36,"column":4},"end":{"line":38,"column":5}},"type":"if","locations":[{"start":{"line":36,"column":4},"end":{"line":38,"column":5}},{"start":{"line":36,"column":4},"end":{"line":38,"column":5}}],"line":36},"3":{"loc":{"start":{"line":51,"column":17},"end":{"line":51,"column":69}},"type":"cond-expr","locations":[{"start":{"line":51,"column":27},"end":{"line":51,"column":60}},{"start":{"line":51,"column":63},"end":{"line":51,"column":69}}],"line":51},"4":{"loc":{"start":{"line":51,"column":27},"end":{"line":51,"column":60}},"type":"binary-expr","locations":[{"start":{"line":51,"column":27},"end":{"line":51,"column":44}},{"start":{"line":51,"column":48},"end":{"line":51,"column":60}}],"line":51},"5":{"loc":{"start":{"line":65,"column":11},"end":{"line":85,"column":11}},"type":"binary-expr","locations":[{"start":{"line":65,"column":11},"end":{"line":65,"column":16}},{"start":{"line":66,"column":12},"end":{"line":84,"column":26}}],"line":65},"6":{"loc":{"start":{"line":68,"column":21},"end":{"line":68,"column":72}},"type":"cond-expr","locations":[{"start":{"line":68,"column":31},"end":{"line":68,"column":38}},{"start":{"line":68,"column":41},"end":{"line":68,"column":72}}],"line":68},"7":{"loc":{"start":{"line":69,"column":21},"end":{"line":69,"column":61}},"type":"cond-expr","locations":[{"start":{"line":69,"column":34},"end":{"line":69,"column":44}},{"start":{"line":69,"column":47},"end":{"line":69,"column":61}}],"line":69},"8":{"loc":{"start":{"line":86,"column":11},"end":{"line":101,"column":11}},"type":"cond-expr","locations":[{"start":{"line":87,"column":12},"end":{"line":96,"column":14}},{"start":{"line":98,"column":12},"end":{"line":100,"column":24}}],"line":86}},"s":{"0":0,"1":0,"2":0,"3":0,"4":1,"5":1,"6":1,"7":1,"8":1,"9":0,"10":1,"11":1,"12":3,"13":3,"14":3,"15":1,"16":1},"f":{"0":0,"1":0,"2":1,"3":1,"4":3,"5":1},"b":{"0":[0],"1":[0,0],"2":[0,1],"3":[1,2],"4":[1,0],"5":[3,1],"6":[1,0],"7":[1,0],"8":[1,2]},"_coverageSchema":"43e27e138ebf9cfc5966b082cf9a028302ed4184","hash":"8145e8fafc933c73df911207fa5bcc55195a00db"}
,"/Users/patrickmclennan/Documents/record_store/client/components/SectionHeader.js": {"path":"/Users/patrickmclennan/Documents/record_store/client/components/SectionHeader.js","statementMap":{"0":{"start":{"line":4,"column":22},"end":{"line":9,"column":1}},"1":{"start":{"line":5,"column":2},"end":{"line":8,"column":11}},"2":{"start":{"line":11,"column":0},"end":{"line":14,"column":2}}},"fnMap":{"0":{"name":"(anonymous_0)","decl":{"start":{"line":4,"column":22},"end":{"line":4,"column":23}},"loc":{"start":{"line":5,"column":2},"end":{"line":8,"column":11}},"line":5}},"branchMap":{},"s":{"0":6,"1":21,"2":6},"f":{"0":21},"b":{},"_coverageSchema":"43e27e138ebf9cfc5966b082cf9a028302ed4184","hash":"65c24c182b7a5c56113d59057529e916e09ce561"}
,"/Users/patrickmclennan/Documents/record_store/client/components/Sort.js": {"path":"/Users/patrickmclennan/Documents/record_store/client/components/Sort.js","statementMap":{"0":{"start":{"line":8,"column":21},"end":{"line":8,"column":31}},"1":{"start":{"line":9,"column":27},"end":{"line":9,"column":37}},"2":{"start":{"line":10,"column":4},"end":{"line":29,"column":6}},"3":{"start":{"line":15,"column":25},"end":{"line":15,"column":55}},"4":{"start":{"line":20,"column":56},"end":{"line":20,"column":75}},"5":{"start":{"line":23,"column":57},"end":{"line":23,"column":77}},"6":{"start":{"line":33,"column":0},"end":{"line":35,"column":2}}},"fnMap":{"0":{"name":"(anonymous_0)","decl":{"start":{"line":7,"column":2},"end":{"line":7,"column":3}},"loc":{"start":{"line":7,"column":11},"end":{"line":30,"column":3}},"line":7},"1":{"name":"(anonymous_1)","decl":{"start":{"line":15,"column":19},"end":{"line":15,"column":20}},"loc":{"start":{"line":15,"column":25},"end":{"line":15,"column":55}},"line":15},"2":{"name":"(anonymous_2)","decl":{"start":{"line":20,"column":50},"end":{"line":20,"column":51}},"loc":{"start":{"line":20,"column":56},"end":{"line":20,"column":75}},"line":20},"3":{"name":"(anonymous_3)","decl":{"start":{"line":23,"column":51},"end":{"line":23,"column":52}},"loc":{"start":{"line":23,"column":57},"end":{"line":23,"column":77}},"line":23}},"branchMap":{"0":{"loc":{"start":{"line":14,"column":16},"end":{"line":14,"column":28}},"type":"cond-expr","locations":[{"start":{"line":14,"column":23},"end":{"line":14,"column":24}},{"start":{"line":14,"column":27},"end":{"line":14,"column":28}}],"line":14},"1":{"loc":{"start":{"line":18,"column":9},"end":{"line":27,"column":9}},"type":"binary-expr","locations":[{"start":{"line":18,"column":9},"end":{"line":18,"column":13}},{"start":{"line":19,"column":10},"end":{"line":26,"column":13}}],"line":18}},"s":{"0":8,"1":8,"2":8,"3":2,"4":1,"5":1,"6":3},"f":{"0":8,"1":2,"2":1,"3":1},"b":{"0":[1,7],"1":[8,1]},"_coverageSchema":"43e27e138ebf9cfc5966b082cf9a028302ed4184","hash":"e0d022f6a850f842b14b62522033419f3989cebb"}
,"/Users/patrickmclennan/Documents/record_store/client/components/Splash.js": {"path":"/Users/patrickmclennan/Documents/record_store/client/components/Splash.js","statementMap":{"0":{"start":{"line":17,"column":4},"end":{"line":17,"column":24}},"1":{"start":{"line":18,"column":17},"end":{"line":18,"column":70}},"2":{"start":{"line":19,"column":4},"end":{"line":25,"column":13}},"3":{"start":{"line":29,"column":26},"end":{"line":29,"column":34}},"4":{"start":{"line":30,"column":4},"end":{"line":32,"column":7}},"5":{"start":{"line":36,"column":4},"end":{"line":36,"column":23}},"6":{"start":{"line":37,"column":25},"end":{"line":37,"column":35}},"7":{"start":{"line":38,"column":24},"end":{"line":38,"column":34}},"8":{"start":{"line":39,"column":4},"end":{"line":43,"column":5}},"9":{"start":{"line":40,"column":6},"end":{"line":40,"column":70}},"10":{"start":{"line":41,"column":11},"end":{"line":43,"column":5}},"11":{"start":{"line":42,"column":6},"end":{"line":42,"column":45}},"12":{"start":{"line":44,"column":4},"end":{"line":44,"column":24}},"13":{"start":{"line":48,"column":52},"end":{"line":48,"column":62}},"14":{"start":{"line":49,"column":4},"end":{"line":115,"column":6}},"15":{"start":{"line":94,"column":28},"end":{"line":94,"column":66}},"16":{"start":{"line":105,"column":28},"end":{"line":105,"column":66}},"17":{"start":{"line":119,"column":0},"end":{"line":122,"column":2}}},"fnMap":{"0":{"name":"(anonymous_0)","decl":{"start":{"line":16,"column":2},"end":{"line":16,"column":3}},"loc":{"start":{"line":16,"column":28},"end":{"line":26,"column":3}},"line":16},"1":{"name":"(anonymous_1)","decl":{"start":{"line":28,"column":17},"end":{"line":28,"column":18}},"loc":{"start":{"line":28,"column":22},"end":{"line":33,"column":3}},"line":28},"2":{"name":"(anonymous_2)","decl":{"start":{"line":35,"column":17},"end":{"line":35,"column":18}},"loc":{"start":{"line":35,"column":22},"end":{"line":45,"column":3}},"line":35},"3":{"name":"(anonymous_3)","decl":{"start":{"line":47,"column":2},"end":{"line":47,"column":3}},"loc":{"start":{"line":47,"column":11},"end":{"line":116,"column":3}},"line":47},"4":{"name":"(anonymous_4)","decl":{"start":{"line":94,"column":22},"end":{"line":94,"column":23}},"loc":{"start":{"line":94,"column":28},"end":{"line":94,"column":66}},"line":94},"5":{"name":"(anonymous_5)","decl":{"start":{"line":105,"column":22},"end":{"line":105,"column":23}},"loc":{"start":{"line":105,"column":28},"end":{"line":105,"column":66}},"line":105}},"branchMap":{"0":{"loc":{"start":{"line":19,"column":11},"end":{"line":25,"column":12}},"type":"cond-expr","locations":[{"start":{"line":20,"column":8},"end":{"line":24,"column":10}},{"start":{"line":25,"column":8},"end":{"line":25,"column":12}}],"line":19},"1":{"loc":{"start":{"line":39,"column":4},"end":{"line":43,"column":5}},"type":"if","locations":[{"start":{"line":39,"column":4},"end":{"line":43,"column":5}},{"start":{"line":39,"column":4},"end":{"line":43,"column":5}}],"line":39},"2":{"loc":{"start":{"line":41,"column":11},"end":{"line":43,"column":5}},"type":"if","locations":[{"start":{"line":41,"column":11},"end":{"line":43,"column":5}},{"start":{"line":41,"column":11},"end":{"line":43,"column":5}}],"line":41},"3":{"loc":{"start":{"line":41,"column":15},"end":{"line":41,"column":63}},"type":"binary-expr","locations":[{"start":{"line":41,"column":15},"end":{"line":41,"column":24}},{"start":{"line":41,"column":28},"end":{"line":41,"column":63}}],"line":41}},"s":{"0":1,"1":1,"2":1,"3":2,"4":2,"5":1,"6":1,"7":1,"8":1,"9":1,"10":0,"11":0,"12":1,"13":4,"14":4,"15":0,"16":1,"17":1},"f":{"0":1,"1":2,"2":1,"3":4,"4":0,"5":1},"b":{"0":[0,1],"1":[1,0],"2":[0,0],"3":[0,0]},"_coverageSchema":"43e27e138ebf9cfc5966b082cf9a028302ed4184","hash":"db1a2f7f0567f4d74748512e1c45df44c928f028"}
,"/Users/patrickmclennan/Documents/record_store/client/components/Store.js": {"path":"/Users/patrickmclennan/Documents/record_store/client/components/Store.js","statementMap":{"0":{"start":{"line":15,"column":29},"end":{"line":15,"column":39}},"1":{"start":{"line":16,"column":4},"end":{"line":16,"column":42}},"2":{"start":{"line":16,"column":26},"end":{"line":16,"column":42}},"3":{"start":{"line":20,"column":24},"end":{"line":20,"column":34}},"4":{"start":{"line":21,"column":26},"end":{"line":23,"column":5}},"5":{"start":{"line":22,"column":6},"end":{"line":22,"column":68}},"6":{"start":{"line":24,"column":4},"end":{"line":24,"column":62}},"7":{"start":{"line":28,"column":29},"end":{"line":28,"column":39}},"8":{"start":{"line":29,"column":4},"end":{"line":29,"column":27}},"9":{"start":{"line":30,"column":4},"end":{"line":30,"column":56}},"10":{"start":{"line":34,"column":24},"end":{"line":34,"column":34}},"11":{"start":{"line":35,"column":4},"end":{"line":57,"column":6}},"12":{"start":{"line":42,"column":14},"end":{"line":50,"column":16}},"13":{"start":{"line":61,"column":0},"end":{"line":66,"column":2}}},"fnMap":{"0":{"name":"(anonymous_0)","decl":{"start":{"line":14,"column":2},"end":{"line":14,"column":3}},"loc":{"start":{"line":14,"column":22},"end":{"line":17,"column":3}},"line":14},"1":{"name":"(anonymous_1)","decl":{"start":{"line":19,"column":15},"end":{"line":19,"column":16}},"loc":{"start":{"line":19,"column":40},"end":{"line":25,"column":3}},"line":19},"2":{"name":"(anonymous_2)","decl":{"start":{"line":21,"column":39},"end":{"line":21,"column":40}},"loc":{"start":{"line":22,"column":6},"end":{"line":22,"column":68}},"line":22},"3":{"name":"(anonymous_3)","decl":{"start":{"line":27,"column":16},"end":{"line":27,"column":17}},"loc":{"start":{"line":27,"column":28},"end":{"line":31,"column":3}},"line":27},"4":{"name":"(anonymous_4)","decl":{"start":{"line":33,"column":2},"end":{"line":33,"column":3}},"loc":{"start":{"line":33,"column":11},"end":{"line":58,"column":3}},"line":33},"5":{"name":"(anonymous_5)","decl":{"start":{"line":41,"column":24},"end":{"line":41,"column":25}},"loc":{"start":{"line":42,"column":14},"end":{"line":50,"column":16}},"line":42}},"branchMap":{"0":{"loc":{"start":{"line":16,"column":4},"end":{"line":16,"column":42}},"type":"if","locations":[{"start":{"line":16,"column":4},"end":{"line":16,"column":42}},{"start":{"line":16,"column":4},"end":{"line":16,"column":42}}],"line":16},"1":{"loc":{"start":{"line":19,"column":16},"end":{"line":19,"column":35}},"type":"default-arg","locations":[{"start":{"line":19,"column":27},"end":{"line":19,"column":35}}],"line":19},"2":{"loc":{"start":{"line":22,"column":6},"end":{"line":22,"column":68}},"type":"cond-expr","locations":[{"start":{"line":22,"column":62},"end":{"line":22,"column":63}},{"start":{"line":22,"column":66},"end":{"line":22,"column":68}}],"line":22},"3":{"loc":{"start":{"line":40,"column":11},"end":{"line":54,"column":11}},"type":"cond-expr","locations":[{"start":{"line":41,"column":12},"end":{"line":51,"column":14}},{"start":{"line":53,"column":12},"end":{"line":53,"column":70}}],"line":40}},"s":{"0":1,"1":1,"2":1,"3":0,"4":0,"5":0,"6":0,"7":1,"8":1,"9":1,"10":2,"11":2,"12":4,"13":1},"f":{"0":1,"1":0,"2":0,"3":1,"4":2,"5":4},"b":{"0":[1,0],"1":[0],"2":[0,0],"3":[2,0]},"_coverageSchema":"43e27e138ebf9cfc5966b082cf9a028302ed4184","hash":"18ab5538feeba334110a52c1cd05cdd3fad6a837"}
,"/Users/patrickmclennan/Documents/record_store/client/components/dummies.js": {"path":"/Users/patrickmclennan/Documents/record_store/client/components/dummies.js","statementMap":{"0":{"start":{"line":1,"column":28},"end":{"line":23,"column":1}},"1":{"start":{"line":25,"column":28},"end":{"line":34,"column":1}},"2":{"start":{"line":36,"column":27},"end":{"line":67,"column":1}}},"fnMap":{},"branchMap":{},"s":{"0":6,"1":6,"2":6},"f":{},"b":{},"_coverageSchema":"43e27e138ebf9cfc5966b082cf9a028302ed4184","hash":"6a6dd15e5364b1701c57ccad0ef53fc2bb416fc4"}
,"/Users/patrickmclennan/Documents/record_store/client/components/styles/Loader.styles.js": {"path":"/Users/patrickmclennan/Documents/record_store/client/components/styles/Loader.styles.js","statementMap":{"0":{"start":{"line":3,"column":17},"end":{"line":11,"column":1}}},"fnMap":{},"branchMap":{},"s":{"0":1},"f":{},"b":{},"_coverageSchema":"43e27e138ebf9cfc5966b082cf9a028302ed4184","hash":"7c002cec1dfa4c4c118bdbda4041c92af5facdda"}
,"/Users/patrickmclennan/Documents/record_store/client/components/styles/Nav.styles.js": {"path":"/Users/patrickmclennan/Documents/record_store/client/components/styles/Nav.styles.js","statementMap":{"0":{"start":{"line":4,"column":15},"end":{"line":106,"column":1}},"1":{"start":{"line":57,"column":33},"end":{"line":57,"column":44}},"2":{"start":{"line":78,"column":34},"end":{"line":78,"column":47}}},"fnMap":{"0":{"name":"(anonymous_0)","decl":{"start":{"line":57,"column":24},"end":{"line":57,"column":25}},"loc":{"start":{"line":57,"column":33},"end":{"line":57,"column":44}},"line":57},"1":{"name":"(anonymous_1)","decl":{"start":{"line":78,"column":25},"end":{"line":78,"column":26}},"loc":{"start":{"line":78,"column":34},"end":{"line":78,"column":47}},"line":78}},"branchMap":{},"s":{"0":1,"1":12,"2":12},"f":{"0":12,"1":12},"b":{},"_coverageSchema":"43e27e138ebf9cfc5966b082cf9a028302ed4184","hash":"af2a72aff9abdfa4cfa946e2040a762fb92b09c6"}
,"/Users/patrickmclennan/Documents/record_store/client/components/styles/Record.styles.js": {"path":"/Users/patrickmclennan/Documents/record_store/client/components/styles/Record.styles.js","statementMap":{"0":{"start":{"line":3,"column":21},"end":{"line":45,"column":1}},"1":{"start":{"line":22,"column":33},"end":{"line":22,"column":79}},"2":{"start":{"line":26,"column":33},"end":{"line":26,"column":58}}},"fnMap":{"0":{"name":"(anonymous_0)","decl":{"start":{"line":22,"column":6},"end":{"line":22,"column":7}},"loc":{"start":{"line":22,"column":33},"end":{"line":22,"column":79}},"line":22},"1":{"name":"(anonymous_1)","decl":{"start":{"line":26,"column":8},"end":{"line":26,"column":9}},"loc":{"start":{"line":26,"column":33},"end":{"line":26,"column":58}},"line":26}},"branchMap":{},"s":{"0":3,"1":12,"2":12},"f":{"0":12,"1":12},"b":{},"_coverageSchema":"43e27e138ebf9cfc5966b082cf9a028302ed4184","hash":"cda85ff8fa1cc86c375200bc299c7422a3772d8b"}
,"/Users/patrickmclennan/Documents/record_store/client/components/styles/SVG.styles.js": {"path":"/Users/patrickmclennan/Documents/record_store/client/components/styles/SVG.styles.js","statementMap":{"0":{"start":{"line":3,"column":15},"end":{"line":11,"column":1}},"1":{"start":{"line":13,"column":16},"end":{"line":32,"column":1}},"2":{"start":{"line":34,"column":21},"end":{"line":41,"column":1}},"3":{"start":{"line":35,"column":39},"end":{"line":35,"column":58}},"4":{"start":{"line":43,"column":17},"end":{"line":48,"column":1}},"5":{"start":{"line":50,"column":26},"end":{"line":53,"column":1}},"6":{"start":{"line":55,"column":28},"end":{"line":58,"column":1}},"7":{"start":{"line":60,"column":23},"end":{"line":69,"column":1}},"8":{"start":{"line":61,"column":39},"end":{"line":61,"column":58}},"9":{"start":{"line":71,"column":22},"end":{"line":75,"column":1}},"10":{"start":{"line":72,"column":39},"end":{"line":72,"column":58}}},"fnMap":{"0":{"name":"(anonymous_0)","decl":{"start":{"line":35,"column":12},"end":{"line":35,"column":13}},"loc":{"start":{"line":35,"column":39},"end":{"line":35,"column":58}},"line":35},"1":{"name":"(anonymous_1)","decl":{"start":{"line":61,"column":12},"end":{"line":61,"column":13}},"loc":{"start":{"line":61,"column":39},"end":{"line":61,"column":58}},"line":61},"2":{"name":"(anonymous_2)","decl":{"start":{"line":72,"column":12},"end":{"line":72,"column":13}},"loc":{"start":{"line":72,"column":39},"end":{"line":72,"column":58}},"line":72}},"branchMap":{},"s":{"0":4,"1":4,"2":4,"3":8,"4":4,"5":4,"6":4,"7":4,"8":10,"9":4,"10":16},"f":{"0":8,"1":10,"2":16},"b":{},"_coverageSchema":"43e27e138ebf9cfc5966b082cf9a028302ed4184","hash":"f00fed2a1a2cd9e85696d38fd003c6ab712290a0"}
,"/Users/patrickmclennan/Documents/record_store/client/components/styles/SectionHeader.styles.js": {"path":"/Users/patrickmclennan/Documents/record_store/client/components/styles/SectionHeader.styles.js","statementMap":{"0":{"start":{"line":3,"column":15},"end":{"line":26,"column":1}},"1":{"start":{"line":11,"column":29},"end":{"line":11,"column":54}}},"fnMap":{"0":{"name":"(anonymous_0)","decl":{"start":{"line":11,"column":4},"end":{"line":11,"column":5}},"loc":{"start":{"line":11,"column":29},"end":{"line":11,"column":54}},"line":11}},"branchMap":{},"s":{"0":6,"1":42},"f":{"0":42},"b":{},"_coverageSchema":"43e27e138ebf9cfc5966b082cf9a028302ed4184","hash":"aca76d0f3aaaa94db93ab27f595ee77eafbc42f5"}
,"/Users/patrickmclennan/Documents/record_store/client/components/styles/Sort.styles.js": {"path":"/Users/patrickmclennan/Documents/record_store/client/components/styles/Sort.styles.js","statementMap":{"0":{"start":{"line":3,"column":17},"end":{"line":46,"column":1}},"1":{"start":{"line":7,"column":31},"end":{"line":7,"column":53}},"2":{"start":{"line":17,"column":31},"end":{"line":17,"column":56}},"3":{"start":{"line":19,"column":6},"end":{"line":19,"column":31}},"4":{"start":{"line":23,"column":8},"end":{"line":25,"column":68}},"5":{"start":{"line":24,"column":43},"end":{"line":24,"column":70}},"6":{"start":{"line":25,"column":43},"end":{"line":25,"column":68}},"7":{"start":{"line":43,"column":39},"end":{"line":43,"column":66}}},"fnMap":{"0":{"name":"(anonymous_0)","decl":{"start":{"line":7,"column":4},"end":{"line":7,"column":5}},"loc":{"start":{"line":7,"column":31},"end":{"line":7,"column":53}},"line":7},"1":{"name":"(anonymous_1)","decl":{"start":{"line":17,"column":6},"end":{"line":17,"column":7}},"loc":{"start":{"line":17,"column":31},"end":{"line":17,"column":56}},"line":17},"2":{"name":"(anonymous_2)","decl":{"start":{"line":18,"column":6},"end":{"line":18,"column":7}},"loc":{"start":{"line":19,"column":6},"end":{"line":19,"column":31}},"line":19},"3":{"name":"(anonymous_3)","decl":{"start":{"line":22,"column":8},"end":{"line":22,"column":9}},"loc":{"start":{"line":23,"column":8},"end":{"line":25,"column":68}},"line":23},"4":{"name":"(anonymous_4)","decl":{"start":{"line":24,"column":12},"end":{"line":24,"column":13}},"loc":{"start":{"line":24,"column":43},"end":{"line":24,"column":70}},"line":24},"5":{"name":"(anonymous_5)","decl":{"start":{"line":25,"column":12},"end":{"line":25,"column":13}},"loc":{"start":{"line":25,"column":43},"end":{"line":25,"column":68}},"line":25},"6":{"name":"(anonymous_6)","decl":{"start":{"line":43,"column":8},"end":{"line":43,"column":9}},"loc":{"start":{"line":43,"column":39},"end":{"line":43,"column":66}},"line":43}},"branchMap":{"0":{"loc":{"start":{"line":23,"column":8},"end":{"line":25,"column":68}},"type":"cond-expr","locations":[{"start":{"line":24,"column":12},"end":{"line":24,"column":70}},{"start":{"line":25,"column":12},"end":{"line":25,"column":68}}],"line":23}},"s":{"0":3,"1":16,"2":16,"3":16,"4":16,"5":0,"6":16,"7":16},"f":{"0":16,"1":16,"2":16,"3":16,"4":0,"5":16,"6":16},"b":{"0":[0,16]},"_coverageSchema":"43e27e138ebf9cfc5966b082cf9a028302ed4184","hash":"3f0c8b9c3262b429d4469b5960ebcab94af35dcd"}
,"/Users/patrickmclennan/Documents/record_store/client/components/styles/Splash.styles.js": {"path":"/Users/patrickmclennan/Documents/record_store/client/components/styles/Splash.styles.js","statementMap":{"0":{"start":{"line":4,"column":16},"end":{"line":32,"column":1}},"1":{"start":{"line":10,"column":33},"end":{"line":10,"column":69}},"2":{"start":{"line":22,"column":29},"end":{"line":22,"column":56}},"3":{"start":{"line":26,"column":31},"end":{"line":26,"column":53}}},"fnMap":{"0":{"name":"(anonymous_0)","decl":{"start":{"line":10,"column":6},"end":{"line":10,"column":7}},"loc":{"start":{"line":10,"column":33},"end":{"line":10,"column":69}},"line":10},"1":{"name":"(anonymous_1)","decl":{"start":{"line":22,"column":8},"end":{"line":22,"column":9}},"loc":{"start":{"line":22,"column":29},"end":{"line":22,"column":56}},"line":22},"2":{"name":"(anonymous_2)","decl":{"start":{"line":26,"column":8},"end":{"line":26,"column":9}},"loc":{"start":{"line":26,"column":31},"end":{"line":26,"column":53}},"line":26}},"branchMap":{},"s":{"0":1,"1":8,"2":8,"3":8},"f":{"0":8,"1":8,"2":8},"b":{},"_coverageSchema":"43e27e138ebf9cfc5966b082cf9a028302ed4184","hash":"8a66df1ea5775ff43116f9d1036d9c3f50e4972d"}
,"/Users/patrickmclennan/Documents/record_store/client/components/styles/Store.styles.js": {"path":"/Users/patrickmclennan/Documents/record_store/client/components/styles/Store.styles.js","statementMap":{"0":{"start":{"line":3,"column":28},"end":{"line":14,"column":1}},"1":{"start":{"line":16,"column":26},"end":{"line":25,"column":1}},"2":{"start":{"line":27,"column":25},"end":{"line":34,"column":1}},"3":{"start":{"line":28,"column":29},"end":{"line":28,"column":54}}},"fnMap":{"0":{"name":"(anonymous_0)","decl":{"start":{"line":28,"column":4},"end":{"line":28,"column":5}},"loc":{"start":{"line":28,"column":29},"end":{"line":28,"column":54}},"line":28}},"branchMap":{},"s":{"0":2,"1":2,"2":2,"3":4},"f":{"0":4},"b":{},"_coverageSchema":"43e27e138ebf9cfc5966b082cf9a028302ed4184","hash":"7fd8f4044bd088414d2e14daca606c03dcf018fa"}
,"/Users/patrickmclennan/Documents/record_store/client/components/styles/UserBadge.styles.js": {"path":"/Users/patrickmclennan/Documents/record_store/client/components/styles/UserBadge.styles.js","statementMap":{"0":{"start":{"line":4,"column":14},"end":{"line":15,"column":1}},"1":{"start":{"line":13,"column":24},"end":{"line":13,"column":76}}},"fnMap":{"0":{"name":"(anonymous_0)","decl":{"start":{"line":13,"column":14},"end":{"line":13,"column":15}},"loc":{"start":{"line":13,"column":24},"end":{"line":13,"column":76}},"line":13}},"branchMap":{"0":{"loc":{"start":{"line":13,"column":24},"end":{"line":13,"column":76}},"type":"cond-expr","locations":[{"start":{"line":13,"column":51},"end":{"line":13,"column":64}},{"start":{"line":13,"column":67},"end":{"line":13,"column":76}}],"line":13}},"s":{"0":4,"1":36},"f":{"0":36},"b":{"0":[12,24]},"_coverageSchema":"43e27e138ebf9cfc5966b082cf9a028302ed4184","hash":"daf718e584f34149d3c791b6c9d61856b55a4fa4"}
,"/Users/patrickmclennan/Documents/record_store/client/components/styles/form.styles.js": {"path":"/Users/patrickmclennan/Documents/record_store/client/components/styles/form.styles.js","statementMap":{"0":{"start":{"line":4,"column":13},"end":{"line":127,"column":1}},"1":{"start":{"line":6,"column":31},"end":{"line":6,"column":73}},"2":{"start":{"line":14,"column":33},"end":{"line":14,"column":58}},"3":{"start":{"line":24,"column":42},"end":{"line":24,"column":60}},"4":{"start":{"line":25,"column":40},"end":{"line":25,"column":56}},"5":{"start":{"line":26,"column":33},"end":{"line":26,"column":58}},"6":{"start":{"line":31,"column":42},"end":{"line":31,"column":61}},"7":{"start":{"line":47,"column":55},"end":{"line":47,"column":74}},"8":{"start":{"line":48,"column":41},"end":{"line":48,"column":66}},"9":{"start":{"line":54,"column":40},"end":{"line":54,"column":59}},"10":{"start":{"line":58,"column":58},"end":{"line":58,"column":77}},"11":{"start":{"line":71,"column":42},"end":{"line":71,"column":61}},"12":{"start":{"line":89,"column":53},"end":{"line":89,"column":72}},"13":{"start":{"line":96,"column":33},"end":{"line":96,"column":58}},"14":{"start":{"line":97,"column":39},"end":{"line":97,"column":64}},"15":{"start":{"line":104,"column":44},"end":{"line":104,"column":63}},"16":{"start":{"line":105,"column":41},"end":{"line":105,"column":68}},"17":{"start":{"line":112,"column":41},"end":{"line":112,"column":68}},"18":{"start":{"line":124,"column":27},"end":{"line":124,"column":54}},"19":{"start":{"line":125,"column":36},"end":{"line":125,"column":55}}},"fnMap":{"0":{"name":"(anonymous_0)","decl":{"start":{"line":6,"column":4},"end":{"line":6,"column":5}},"loc":{"start":{"line":6,"column":31},"end":{"line":6,"column":73}},"line":6},"1":{"name":"(anonymous_1)","decl":{"start":{"line":14,"column":8},"end":{"line":14,"column":9}},"loc":{"start":{"line":14,"column":33},"end":{"line":14,"column":58}},"line":14},"2":{"name":"(anonymous_2)","decl":{"start":{"line":24,"column":15},"end":{"line":24,"column":16}},"loc":{"start":{"line":24,"column":42},"end":{"line":24,"column":60}},"line":24},"3":{"name":"(anonymous_3)","decl":{"start":{"line":25,"column":8},"end":{"line":25,"column":9}},"loc":{"start":{"line":25,"column":40},"end":{"line":25,"column":56}},"line":25},"4":{"name":"(anonymous_4)","decl":{"start":{"line":26,"column":8},"end":{"line":26,"column":9}},"loc":{"start":{"line":26,"column":33},"end":{"line":26,"column":58}},"line":26},"5":{"name":"(anonymous_5)","decl":{"start":{"line":31,"column":15},"end":{"line":31,"column":16}},"loc":{"start":{"line":31,"column":42},"end":{"line":31,"column":61}},"line":31},"6":{"name":"(anonymous_6)","decl":{"start":{"line":47,"column":28},"end":{"line":47,"column":29}},"loc":{"start":{"line":47,"column":55},"end":{"line":47,"column":74}},"line":47},"7":{"name":"(anonymous_7)","decl":{"start":{"line":48,"column":10},"end":{"line":48,"column":11}},"loc":{"start":{"line":48,"column":41},"end":{"line":48,"column":66}},"line":48},"8":{"name":"(anonymous_8)","decl":{"start":{"line":54,"column":13},"end":{"line":54,"column":14}},"loc":{"start":{"line":54,"column":40},"end":{"line":54,"column":59}},"line":54},"9":{"name":"(anonymous_9)","decl":{"start":{"line":58,"column":31},"end":{"line":58,"column":32}},"loc":{"start":{"line":58,"column":58},"end":{"line":58,"column":77}},"line":58},"10":{"name":"(anonymous_10)","decl":{"start":{"line":71,"column":15},"end":{"line":71,"column":16}},"loc":{"start":{"line":71,"column":42},"end":{"line":71,"column":61}},"line":71},"11":{"name":"(anonymous_11)","decl":{"start":{"line":89,"column":26},"end":{"line":89,"column":27}},"loc":{"start":{"line":89,"column":53},"end":{"line":89,"column":72}},"line":89},"12":{"name":"(anonymous_12)","decl":{"start":{"line":96,"column":8},"end":{"line":96,"column":9}},"loc":{"start":{"line":96,"column":33},"end":{"line":96,"column":58}},"line":96},"13":{"name":"(anonymous_13)","decl":{"start":{"line":97,"column":8},"end":{"line":97,"column":9}},"loc":{"start":{"line":97,"column":39},"end":{"line":97,"column":64}},"line":97},"14":{"name":"(anonymous_14)","decl":{"start":{"line":104,"column":17},"end":{"line":104,"column":18}},"loc":{"start":{"line":104,"column":44},"end":{"line":104,"column":63}},"line":104},"15":{"name":"(anonymous_15)","decl":{"start":{"line":105,"column":10},"end":{"line":105,"column":11}},"loc":{"start":{"line":105,"column":41},"end":{"line":105,"column":68}},"line":105},"16":{"name":"(anonymous_16)","decl":{"start":{"line":112,"column":10},"end":{"line":112,"column":11}},"loc":{"start":{"line":112,"column":41},"end":{"line":112,"column":68}},"line":112},"17":{"name":"(anonymous_17)","decl":{"start":{"line":124,"column":6},"end":{"line":124,"column":7}},"loc":{"start":{"line":124,"column":27},"end":{"line":124,"column":54}},"line":124},"18":{"name":"(anonymous_18)","decl":{"start":{"line":125,"column":13},"end":{"line":125,"column":14}},"loc":{"start":{"line":125,"column":36},"end":{"line":125,"column":55}},"line":125}},"branchMap":{},"s":{"0":4,"1":36,"2":36,"3":36,"4":36,"5":36,"6":36,"7":36,"8":36,"9":36,"10":36,"11":36,"12":36,"13":36,"14":36,"15":36,"16":36,"17":36,"18":36,"19":36},"f":{"0":36,"1":36,"2":36,"3":36,"4":36,"5":36,"6":36,"7":36,"8":36,"9":36,"10":36,"11":36,"12":36,"13":36,"14":36,"15":36,"16":36,"17":36,"18":36},"b":{},"_coverageSchema":"43e27e138ebf9cfc5966b082cf9a028302ed4184","hash":"150ee8afb03cadf8297234638abd9d012c2d2cb5"}
,"/Users/patrickmclennan/Documents/record_store/client/components/styles/index.styles.js": {"path":"/Users/patrickmclennan/Documents/record_store/client/components/styles/index.styles.js","statementMap":{"0":{"start":{"line":4,"column":27},"end":{"line":50,"column":1}},"1":{"start":{"line":52,"column":21},"end":{"line":82,"column":1}},"2":{"start":{"line":59,"column":4},"end":{"line":59,"column":87}},"3":{"start":{"line":84,"column":23},"end":{"line":89,"column":1}}},"fnMap":{"0":{"name":"(anonymous_0)","decl":{"start":{"line":58,"column":10},"end":{"line":58,"column":11}},"loc":{"start":{"line":59,"column":4},"end":{"line":59,"column":87}},"line":59}},"branchMap":{"0":{"loc":{"start":{"line":58,"column":11},"end":{"line":58,"column":24}},"type":"default-arg","locations":[{"start":{"line":58,"column":16},"end":{"line":58,"column":24}}],"line":58},"1":{"loc":{"start":{"line":58,"column":26},"end":{"line":58,"column":39}},"type":"default-arg","locations":[{"start":{"line":58,"column":31},"end":{"line":58,"column":39}}],"line":58},"2":{"loc":{"start":{"line":58,"column":41},"end":{"line":58,"column":51}},"type":"default-arg","locations":[{"start":{"line":58,"column":46},"end":{"line":58,"column":51}}],"line":58}},"s":{"0":8,"1":8,"2":82,"3":8},"f":{"0":82},"b":{"0":[2],"1":[26],"2":[26]},"_coverageSchema":"43e27e138ebf9cfc5966b082cf9a028302ed4184","hash":"bfc2feb019b6c45169b10ad617179ec47ffd068b"}
,"/Users/patrickmclennan/Documents/record_store/client/components/styles/queries.js": {"path":"/Users/patrickmclennan/Documents/record_store/client/components/styles/queries.js","statementMap":{"0":{"start":{"line":3,"column":14},"end":{"line":13,"column":1}},"1":{"start":{"line":15,"column":14},"end":{"line":26,"column":6}},"2":{"start":{"line":16,"column":2},"end":{"line":25,"column":4}},"3":{"start":{"line":19,"column":6},"end":{"line":23,"column":8}}},"fnMap":{"0":{"name":"(anonymous_0)","decl":{"start":{"line":15,"column":40},"end":{"line":15,"column":41}},"loc":{"start":{"line":15,"column":57},"end":{"line":26,"column":1}},"line":15},"1":{"name":"(anonymous_1)","decl":{"start":{"line":18,"column":12},"end":{"line":18,"column":13}},"loc":{"start":{"line":18,"column":30},"end":{"line":24,"column":5}},"line":18}},"branchMap":{},"s":{"0":9,"1":9,"2":81,"3":22},"f":{"0":81,"1":22},"b":{},"_coverageSchema":"43e27e138ebf9cfc5966b082cf9a028302ed4184","hash":"5da59730a2cd1ecaff3499ce6b02ad6f2a28d248"}
,"/Users/patrickmclennan/Documents/record_store/client/components/styles/userProfile.styles.js": {"path":"/Users/patrickmclennan/Documents/record_store/client/components/styles/userProfile.styles.js","statementMap":{"0":{"start":{"line":3,"column":20},"end":{"line":9,"column":1}},"1":{"start":{"line":4,"column":31},"end":{"line":4,"column":39}},"2":{"start":{"line":5,"column":38},"end":{"line":5,"column":57}}},"fnMap":{"0":{"name":"(anonymous_0)","decl":{"start":{"line":4,"column":4},"end":{"line":4,"column":5}},"loc":{"start":{"line":4,"column":31},"end":{"line":4,"column":39}},"line":4},"1":{"name":"(anonymous_1)","decl":{"start":{"line":5,"column":11},"end":{"line":5,"column":12}},"loc":{"start":{"line":5,"column":38},"end":{"line":5,"column":57}},"line":5}},"branchMap":{},"s":{"0":1,"1":2,"2":2},"f":{"0":2,"1":2},"b":{},"_coverageSchema":"43e27e138ebf9cfc5966b082cf9a028302ed4184","hash":"2c3dd7fe7d860054a1513b889a7412e327aec424"}
}
