{"/Users/patrickmclennan/Documents/record_store/client/components/Account.js": {"path":"/Users/patrickmclennan/Documents/record_store/client/components/Account.js","statementMap":{"0":{"start":{"line":13,"column":26},"end":{"line":13,"column":34}},"1":{"start":{"line":14,"column":21},"end":{"line":14,"column":31}},"2":{"start":{"line":15,"column":4},"end":{"line":15,"column":30}},"3":{"start":{"line":16,"column":4},"end":{"line":16,"column":35}},"4":{"start":{"line":20,"column":26},"end":{"line":20,"column":34}},"5":{"start":{"line":21,"column":21},"end":{"line":21,"column":31}},"6":{"start":{"line":22,"column":4},"end":{"line":22,"column":25}},"7":{"start":{"line":23,"column":4},"end":{"line":23,"column":35}},"8":{"start":{"line":27,"column":4},"end":{"line":27,"column":23}},"9":{"start":{"line":28,"column":4},"end":{"line":28,"column":36}},"10":{"start":{"line":32,"column":42},"end":{"line":32,"column":52}},"11":{"start":{"line":33,"column":4},"end":{"line":106,"column":6}},"12":{"start":{"line":110,"column":0},"end":{"line":113,"column":2}}},"fnMap":{"0":{"name":"(anonymous_0)","decl":{"start":{"line":12,"column":21},"end":{"line":12,"column":22}},"loc":{"start":{"line":12,"column":26},"end":{"line":17,"column":3}},"line":12},"1":{"name":"(anonymous_1)","decl":{"start":{"line":19,"column":17},"end":{"line":19,"column":18}},"loc":{"start":{"line":19,"column":22},"end":{"line":24,"column":3}},"line":19},"2":{"name":"(anonymous_2)","decl":{"start":{"line":26,"column":17},"end":{"line":26,"column":18}},"loc":{"start":{"line":26,"column":22},"end":{"line":29,"column":3}},"line":26},"3":{"name":"(anonymous_3)","decl":{"start":{"line":31,"column":2},"end":{"line":31,"column":3}},"loc":{"start":{"line":31,"column":11},"end":{"line":107,"column":3}},"line":31}},"branchMap":{"0":{"loc":{"start":{"line":36,"column":9},"end":{"line":43,"column":16}},"type":"cond-expr","locations":[{"start":{"line":37,"column":10},"end":{"line":42,"column":12}},{"start":{"line":43,"column":12},"end":{"line":43,"column":16}}],"line":36},"1":{"loc":{"start":{"line":95,"column":14},"end":{"line":95,"column":73}},"type":"cond-expr","locations":[{"start":{"line":95,"column":27},"end":{"line":95,"column":51}},{"start":{"line":95,"column":54},"end":{"line":95,"column":73}}],"line":95}},"s":{"0":4,"1":4,"2":4,"3":4,"4":6,"5":6,"6":6,"7":6,"8":2,"9":2,"10":12,"11":12,"12":1},"f":{"0":4,"1":6,"2":2,"3":12},"b":{"0":[9,3],"1":[11,1]},"_coverageSchema":"43e27e138ebf9cfc5966b082cf9a028302ed4184","hash":"31113ac8063ffec10d5e453c0abec7e166eac298"}
,"/Users/patrickmclennan/Documents/record_store/client/components/AddRecord.js": {"path":"/Users/patrickmclennan/Documents/record_store/client/components/AddRecord.js","statementMap":{"0":{"start":{"line":15,"column":4},"end":{"line":15,"column":23}},"1":{"start":{"line":16,"column":4},"end":{"line":16,"column":46}},"2":{"start":{"line":17,"column":4},"end":{"line":17,"column":56}},"3":{"start":{"line":21,"column":26},"end":{"line":21,"column":34}},"4":{"start":{"line":22,"column":4},"end":{"line":24,"column":7}},"5":{"start":{"line":28,"column":37},"end":{"line":28,"column":47}},"6":{"start":{"line":29,"column":4},"end":{"line":82,"column":6}},"7":{"start":{"line":86,"column":0},"end":{"line":88,"column":2}}},"fnMap":{"0":{"name":"(anonymous_0)","decl":{"start":{"line":14,"column":17},"end":{"line":14,"column":18}},"loc":{"start":{"line":14,"column":28},"end":{"line":18,"column":3}},"line":14},"1":{"name":"(anonymous_1)","decl":{"start":{"line":20,"column":17},"end":{"line":20,"column":18}},"loc":{"start":{"line":20,"column":22},"end":{"line":25,"column":3}},"line":20},"2":{"name":"(anonymous_2)","decl":{"start":{"line":27,"column":2},"end":{"line":27,"column":3}},"loc":{"start":{"line":27,"column":11},"end":{"line":83,"column":3}},"line":27}},"branchMap":{"0":{"loc":{"start":{"line":34,"column":15},"end":{"line":34,"column":62}},"type":"cond-expr","locations":[{"start":{"line":34,"column":23},"end":{"line":34,"column":28}},{"start":{"line":34,"column":31},"end":{"line":34,"column":62}}],"line":34},"1":{"loc":{"start":{"line":35,"column":15},"end":{"line":35,"column":46}},"type":"cond-expr","locations":[{"start":{"line":35,"column":23},"end":{"line":35,"column":28}},{"start":{"line":35,"column":31},"end":{"line":35,"column":46}}],"line":35}},"s":{"0":1,"1":1,"2":1,"3":3,"4":3,"5":5,"6":5,"7":1},"f":{"0":1,"1":3,"2":5},"b":{"0":[1,4],"1":[3,2]},"_coverageSchema":"43e27e138ebf9cfc5966b082cf9a028302ed4184","hash":"e5a1b86794300efde55b6f9f8458f6fd43714334"}
,"/Users/patrickmclennan/Documents/record_store/client/components/SectionHeader.js": {"path":"/Users/patrickmclennan/Documents/record_store/client/components/SectionHeader.js","statementMap":{"0":{"start":{"line":4,"column":22},"end":{"line":8,"column":1}},"1":{"start":{"line":5,"column":2},"end":{"line":7,"column":11}},"2":{"start":{"line":10,"column":0},"end":{"line":13,"column":2}}},"fnMap":{"0":{"name":"(anonymous_0)","decl":{"start":{"line":4,"column":22},"end":{"line":4,"column":23}},"loc":{"start":{"line":5,"column":2},"end":{"line":7,"column":11}},"line":5}},"branchMap":{},"s":{"0":2,"1":17,"2":2},"f":{"0":17},"b":{},"_coverageSchema":"43e27e138ebf9cfc5966b082cf9a028302ed4184","hash":"25ea94aa3b2b0eac5279a949ee9bd93a19bb4adb"}
,"/Users/patrickmclennan/Documents/record_store/client/components/dummies.js": {"path":"/Users/patrickmclennan/Documents/record_store/client/components/dummies.js","statementMap":{"0":{"start":{"line":1,"column":28},"end":{"line":20,"column":1}},"1":{"start":{"line":22,"column":28},"end":{"line":31,"column":1}},"2":{"start":{"line":33,"column":27},"end":{"line":64,"column":1}}},"fnMap":{},"branchMap":{},"s":{"0":2,"1":2,"2":2},"f":{},"b":{},"_coverageSchema":"43e27e138ebf9cfc5966b082cf9a028302ed4184","hash":"d12a8200ef65629503bb8acc0bc519991b836e3e"}
,"/Users/patrickmclennan/Documents/record_store/client/components/styles/SectionHeader.styles.js": {"path":"/Users/patrickmclennan/Documents/record_store/client/components/styles/SectionHeader.styles.js","statementMap":{"0":{"start":{"line":3,"column":15},"end":{"line":26,"column":1}},"1":{"start":{"line":11,"column":29},"end":{"line":11,"column":54}}},"fnMap":{"0":{"name":"(anonymous_0)","decl":{"start":{"line":11,"column":4},"end":{"line":11,"column":5}},"loc":{"start":{"line":11,"column":29},"end":{"line":11,"column":54}},"line":11}},"branchMap":{},"s":{"0":2,"1":34},"f":{"0":34},"b":{},"_coverageSchema":"43e27e138ebf9cfc5966b082cf9a028302ed4184","hash":"aca76d0f3aaaa94db93ab27f595ee77eafbc42f5"}
,"/Users/patrickmclennan/Documents/record_store/client/components/styles/UserBadge.styles.js": {"path":"/Users/patrickmclennan/Documents/record_store/client/components/styles/UserBadge.styles.js","statementMap":{"0":{"start":{"line":4,"column":14},"end":{"line":15,"column":1}},"1":{"start":{"line":13,"column":24},"end":{"line":13,"column":76}}},"fnMap":{"0":{"name":"(anonymous_0)","decl":{"start":{"line":13,"column":14},"end":{"line":13,"column":15}},"loc":{"start":{"line":13,"column":24},"end":{"line":13,"column":76}},"line":13}},"branchMap":{"0":{"loc":{"start":{"line":13,"column":24},"end":{"line":13,"column":76}},"type":"cond-expr","locations":[{"start":{"line":13,"column":51},"end":{"line":13,"column":64}},{"start":{"line":13,"column":67},"end":{"line":13,"column":76}}],"line":13}},"s":{"0":2,"1":28},"f":{"0":28},"b":{"0":[0,28]},"_coverageSchema":"43e27e138ebf9cfc5966b082cf9a028302ed4184","hash":"daf718e584f34149d3c791b6c9d61856b55a4fa4"}
,"/Users/patrickmclennan/Documents/record_store/client/components/styles/form.styles.js": {"path":"/Users/patrickmclennan/Documents/record_store/client/components/styles/form.styles.js","statementMap":{"0":{"start":{"line":4,"column":13},"end":{"line":127,"column":1}},"1":{"start":{"line":6,"column":31},"end":{"line":6,"column":73}},"2":{"start":{"line":14,"column":33},"end":{"line":14,"column":58}},"3":{"start":{"line":24,"column":42},"end":{"line":24,"column":60}},"4":{"start":{"line":25,"column":40},"end":{"line":25,"column":56}},"5":{"start":{"line":26,"column":33},"end":{"line":26,"column":58}},"6":{"start":{"line":31,"column":42},"end":{"line":31,"column":61}},"7":{"start":{"line":47,"column":55},"end":{"line":47,"column":74}},"8":{"start":{"line":48,"column":41},"end":{"line":48,"column":66}},"9":{"start":{"line":54,"column":40},"end":{"line":54,"column":59}},"10":{"start":{"line":58,"column":58},"end":{"line":58,"column":77}},"11":{"start":{"line":71,"column":42},"end":{"line":71,"column":61}},"12":{"start":{"line":89,"column":53},"end":{"line":89,"column":72}},"13":{"start":{"line":96,"column":33},"end":{"line":96,"column":58}},"14":{"start":{"line":97,"column":39},"end":{"line":97,"column":64}},"15":{"start":{"line":104,"column":44},"end":{"line":104,"column":63}},"16":{"start":{"line":105,"column":41},"end":{"line":105,"column":68}},"17":{"start":{"line":112,"column":41},"end":{"line":112,"column":68}},"18":{"start":{"line":124,"column":27},"end":{"line":124,"column":54}},"19":{"start":{"line":125,"column":36},"end":{"line":125,"column":55}}},"fnMap":{"0":{"name":"(anonymous_0)","decl":{"start":{"line":6,"column":4},"end":{"line":6,"column":5}},"loc":{"start":{"line":6,"column":31},"end":{"line":6,"column":73}},"line":6},"1":{"name":"(anonymous_1)","decl":{"start":{"line":14,"column":8},"end":{"line":14,"column":9}},"loc":{"start":{"line":14,"column":33},"end":{"line":14,"column":58}},"line":14},"2":{"name":"(anonymous_2)","decl":{"start":{"line":24,"column":15},"end":{"line":24,"column":16}},"loc":{"start":{"line":24,"column":42},"end":{"line":24,"column":60}},"line":24},"3":{"name":"(anonymous_3)","decl":{"start":{"line":25,"column":8},"end":{"line":25,"column":9}},"loc":{"start":{"line":25,"column":40},"end":{"line":25,"column":56}},"line":25},"4":{"name":"(anonymous_4)","decl":{"start":{"line":26,"column":8},"end":{"line":26,"column":9}},"loc":{"start":{"line":26,"column":33},"end":{"line":26,"column":58}},"line":26},"5":{"name":"(anonymous_5)","decl":{"start":{"line":31,"column":15},"end":{"line":31,"column":16}},"loc":{"start":{"line":31,"column":42},"end":{"line":31,"column":61}},"line":31},"6":{"name":"(anonymous_6)","decl":{"start":{"line":47,"column":28},"end":{"line":47,"column":29}},"loc":{"start":{"line":47,"column":55},"end":{"line":47,"column":74}},"line":47},"7":{"name":"(anonymous_7)","decl":{"start":{"line":48,"column":10},"end":{"line":48,"column":11}},"loc":{"start":{"line":48,"column":41},"end":{"line":48,"column":66}},"line":48},"8":{"name":"(anonymous_8)","decl":{"start":{"line":54,"column":13},"end":{"line":54,"column":14}},"loc":{"start":{"line":54,"column":40},"end":{"line":54,"column":59}},"line":54},"9":{"name":"(anonymous_9)","decl":{"start":{"line":58,"column":31},"end":{"line":58,"column":32}},"loc":{"start":{"line":58,"column":58},"end":{"line":58,"column":77}},"line":58},"10":{"name":"(anonymous_10)","decl":{"start":{"line":71,"column":15},"end":{"line":71,"column":16}},"loc":{"start":{"line":71,"column":42},"end":{"line":71,"column":61}},"line":71},"11":{"name":"(anonymous_11)","decl":{"start":{"line":89,"column":26},"end":{"line":89,"column":27}},"loc":{"start":{"line":89,"column":53},"end":{"line":89,"column":72}},"line":89},"12":{"name":"(anonymous_12)","decl":{"start":{"line":96,"column":8},"end":{"line":96,"column":9}},"loc":{"start":{"line":96,"column":33},"end":{"line":96,"column":58}},"line":96},"13":{"name":"(anonymous_13)","decl":{"start":{"line":97,"column":8},"end":{"line":97,"column":9}},"loc":{"start":{"line":97,"column":39},"end":{"line":97,"column":64}},"line":97},"14":{"name":"(anonymous_14)","decl":{"start":{"line":104,"column":17},"end":{"line":104,"column":18}},"loc":{"start":{"line":104,"column":44},"end":{"line":104,"column":63}},"line":104},"15":{"name":"(anonymous_15)","decl":{"start":{"line":105,"column":10},"end":{"line":105,"column":11}},"loc":{"start":{"line":105,"column":41},"end":{"line":105,"column":68}},"line":105},"16":{"name":"(anonymous_16)","decl":{"start":{"line":112,"column":10},"end":{"line":112,"column":11}},"loc":{"start":{"line":112,"column":41},"end":{"line":112,"column":68}},"line":112},"17":{"name":"(anonymous_17)","decl":{"start":{"line":124,"column":6},"end":{"line":124,"column":7}},"loc":{"start":{"line":124,"column":27},"end":{"line":124,"column":54}},"line":124},"18":{"name":"(anonymous_18)","decl":{"start":{"line":125,"column":13},"end":{"line":125,"column":14}},"loc":{"start":{"line":125,"column":36},"end":{"line":125,"column":55}},"line":125}},"branchMap":{},"s":{"0":2,"1":34,"2":34,"3":34,"4":34,"5":34,"6":34,"7":34,"8":34,"9":34,"10":34,"11":34,"12":34,"13":34,"14":34,"15":34,"16":34,"17":34,"18":34,"19":34},"f":{"0":34,"1":34,"2":34,"3":34,"4":34,"5":34,"6":34,"7":34,"8":34,"9":34,"10":34,"11":34,"12":34,"13":34,"14":34,"15":34,"16":34,"17":34,"18":34},"b":{},"_coverageSchema":"43e27e138ebf9cfc5966b082cf9a028302ed4184","hash":"150ee8afb03cadf8297234638abd9d012c2d2cb5"}
,"/Users/patrickmclennan/Documents/record_store/client/components/styles/index.styles.js": {"path":"/Users/patrickmclennan/Documents/record_store/client/components/styles/index.styles.js","statementMap":{"0":{"start":{"line":4,"column":27},"end":{"line":50,"column":1}},"1":{"start":{"line":52,"column":21},"end":{"line":82,"column":1}},"2":{"start":{"line":59,"column":4},"end":{"line":59,"column":87}},"3":{"start":{"line":84,"column":23},"end":{"line":89,"column":1}}},"fnMap":{"0":{"name":"(anonymous_0)","decl":{"start":{"line":58,"column":10},"end":{"line":58,"column":11}},"loc":{"start":{"line":59,"column":4},"end":{"line":59,"column":87}},"line":59}},"branchMap":{"0":{"loc":{"start":{"line":58,"column":11},"end":{"line":58,"column":24}},"type":"default-arg","locations":[{"start":{"line":58,"column":16},"end":{"line":58,"column":24}}],"line":58},"1":{"loc":{"start":{"line":58,"column":26},"end":{"line":58,"column":39}},"type":"default-arg","locations":[{"start":{"line":58,"column":31},"end":{"line":58,"column":39}}],"line":58},"2":{"loc":{"start":{"line":58,"column":41},"end":{"line":58,"column":51}},"type":"default-arg","locations":[{"start":{"line":58,"column":46},"end":{"line":58,"column":51}}],"line":58}},"s":{"0":2,"1":2,"2":34,"3":2},"f":{"0":34},"b":{"0":[0],"1":[0],"2":[0]},"_coverageSchema":"43e27e138ebf9cfc5966b082cf9a028302ed4184","hash":"bfc2feb019b6c45169b10ad617179ec47ffd068b"}
,"/Users/patrickmclennan/Documents/record_store/client/components/styles/queries.js": {"path":"/Users/patrickmclennan/Documents/record_store/client/components/styles/queries.js","statementMap":{"0":{"start":{"line":3,"column":14},"end":{"line":13,"column":1}},"1":{"start":{"line":15,"column":14},"end":{"line":26,"column":6}},"2":{"start":{"line":16,"column":2},"end":{"line":25,"column":4}},"3":{"start":{"line":19,"column":6},"end":{"line":23,"column":8}}},"fnMap":{"0":{"name":"(anonymous_0)","decl":{"start":{"line":15,"column":40},"end":{"line":15,"column":41}},"loc":{"start":{"line":15,"column":57},"end":{"line":26,"column":1}},"line":15},"1":{"name":"(anonymous_1)","decl":{"start":{"line":18,"column":12},"end":{"line":18,"column":13}},"loc":{"start":{"line":18,"column":30},"end":{"line":24,"column":5}},"line":18}},"branchMap":{},"s":{"0":2,"1":2,"2":18,"3":6},"f":{"0":18,"1":6},"b":{},"_coverageSchema":"43e27e138ebf9cfc5966b082cf9a028302ed4184","hash":"5da59730a2cd1ecaff3499ce6b02ad6f2a28d248"}
}
