TN:
SF:/Users/patrickmclennan/Documents/record_store/client/components/Account.js
FN:12,(anonymous_0)
FN:19,(anonymous_1)
FN:26,(anonymous_2)
FN:31,(anonymous_3)
FNF:4
FNH:4
FNDA:2,(anonymous_0)
FNDA:3,(anonymous_1)
FNDA:1,(anonymous_2)
FNDA:6,(anonymous_3)
DA:13,2
DA:14,2
DA:15,2
DA:16,2
DA:20,3
DA:21,3
DA:22,3
DA:23,3
DA:27,1
DA:28,1
DA:32,6
DA:33,6
DA:108,1
LF:13
LH:13
BRDA:37,0,0,6
BRDA:37,0,1,0
BRDA:38,1,0,6
BRDA:38,1,1,0
BRDA:93,2,0,6
BRDA:93,2,1,0
BRF:6
BRH:3
end_of_record
TN:
SF:/Users/patrickmclennan/Documents/record_store/client/components/AddRecord.js
FN:14,(anonymous_0)
FN:20,(anonymous_1)
FN:27,(anonymous_2)
FNF:3
FNH:3
FNDA:1,(anonymous_0)
FNDA:3,(anonymous_1)
FNDA:5,(anonymous_2)
DA:15,1
DA:16,1
DA:17,1
DA:21,3
DA:22,3
DA:28,5
DA:29,5
DA:86,1
LF:8
LH:8
BRDA:34,0,0,1
BRDA:34,0,1,4
BRDA:35,1,0,3
BRDA:35,1,1,2
BRF:4
BRH:4
end_of_record
TN:
SF:/Users/patrickmclennan/Documents/record_store/client/components/Loader.js
FN:5,(anonymous_0)
FNF:1
FNH:0
FNDA:0,(anonymous_0)
DA:6,0
LF:1
LH:0
BRF:0
BRH:0
end_of_record
TN:
SF:/Users/patrickmclennan/Documents/record_store/client/components/Nav.js
FN:12,(anonymous_0)
FN:18,(anonymous_1)
FN:24,(anonymous_2)
FN:40,(anonymous_3)
FN:47,(anonymous_4)
FN:54,(anonymous_5)
FN:61,(anonymous_6)
FN:68,(anonymous_7)
FN:81,(anonymous_8)
FN:85,(anonymous_9)
FNF:10
FNH:7
FNDA:1,(anonymous_0)
FNDA:4,(anonymous_1)
FNDA:6,(anonymous_2)
FNDA:1,(anonymous_3)
FNDA:0,(anonymous_4)
FNDA:2,(anonymous_5)
FNDA:1,(anonymous_6)
FNDA:1,(anonymous_7)
FNDA:0,(anonymous_8)
FNDA:0,(anonymous_9)
DA:13,1
DA:14,1
DA:15,1
DA:19,4
DA:20,4
DA:21,4
DA:25,6
DA:26,6
DA:27,6
DA:40,1
DA:47,0
DA:54,2
DA:61,1
DA:68,1
DA:81,0
DA:85,0
DA:91,1
LF:17
LH:14
BRDA:33,0,0,6
BRDA:33,0,1,6
BRDA:38,1,0,0
BRDA:38,1,1,6
BRDA:45,2,0,0
BRDA:45,2,1,6
BRDA:52,3,0,0
BRDA:52,3,1,6
BRDA:59,4,0,0
BRDA:59,4,1,6
BRDA:66,5,0,0
BRDA:66,5,1,6
BRDA:75,6,0,6
BRDA:75,6,1,0
BRDA:75,7,0,6
BRDA:75,7,1,6
BRDA:79,8,0,6
BRDA:79,8,1,0
BRDA:79,9,0,6
BRDA:79,9,1,6
BRDA:85,10,0,6
BRDA:85,10,1,0
BRF:22
BRH:14
end_of_record
TN:
SF:/Users/patrickmclennan/Documents/record_store/client/components/Record.js
FN:5,(anonymous_0)
FNF:1
FNH:1
FNDA:6,(anonymous_0)
DA:5,3
DA:6,6
DA:24,3
LF:3
LH:3
BRDA:13,0,0,6
BRDA:13,0,1,5
BRF:2
BRH:2
end_of_record
TN:
SF:/Users/patrickmclennan/Documents/record_store/client/components/SVGs.js
FN:10,(anonymous_0)
FN:44,(anonymous_1)
FN:78,(anonymous_2)
FN:112,(anonymous_3)
FN:115,(anonymous_4)
FN:152,(anonymous_5)
FN:163,(anonymous_6)
FNF:7
FNH:5
FNDA:4,(anonymous_0)
FNDA:0,(anonymous_1)
FNDA:0,(anonymous_2)
FNDA:5,(anonymous_3)
FNDA:2,(anonymous_4)
FNDA:4,(anonymous_5)
FNDA:4,(anonymous_6)
DA:10,4
DA:11,4
DA:44,4
DA:45,0
DA:78,4
DA:79,0
DA:112,4
DA:113,5
DA:115,2
DA:147,4
DA:152,4
DA:153,4
DA:163,4
DA:164,4
LF:14
LH:12
BRF:0
BRH:0
end_of_record
TN:
SF:/Users/patrickmclennan/Documents/record_store/client/components/Search.js
FN:18,(anonymous_0)
FN:20,(anonymous_1)
FN:26,(anonymous_2)
FN:33,(anonymous_3)
FN:45,(anonymous_4)
FN:87,(anonymous_5)
FNF:6
FNH:4
FNDA:0,(anonymous_0)
FNDA:0,(anonymous_1)
FNDA:1,(anonymous_2)
FNDA:1,(anonymous_3)
FNDA:3,(anonymous_4)
FNDA:1,(anonymous_5)
DA:19,0
DA:20,0
DA:21,0
DA:23,0
DA:27,1
DA:28,1
DA:34,1
DA:35,1
DA:36,1
DA:37,0
DA:39,1
DA:40,1
DA:46,3
DA:47,3
DA:48,3
DA:88,1
DA:108,1
LF:17
LH:12
BRDA:18,0,0,0
BRDA:21,1,0,0
BRDA:21,1,1,0
BRDA:36,2,0,0
BRDA:36,2,1,1
BRDA:51,3,0,1
BRDA:51,3,1,2
BRDA:51,4,0,1
BRDA:51,4,1,0
BRDA:65,5,0,3
BRDA:65,5,1,1
BRDA:68,6,0,1
BRDA:68,6,1,0
BRDA:69,7,0,1
BRDA:69,7,1,0
BRDA:86,8,0,1
BRDA:86,8,1,2
BRF:17
BRH:10
end_of_record
TN:
SF:/Users/patrickmclennan/Documents/record_store/client/components/SectionHeader.js
FN:4,(anonymous_0)
FNF:1
FNH:1
FNDA:21,(anonymous_0)
DA:4,6
DA:5,21
DA:11,6
LF:3
LH:3
BRF:0
BRH:0
end_of_record
TN:
SF:/Users/patrickmclennan/Documents/record_store/client/components/Sort.js
FN:7,(anonymous_0)
FN:15,(anonymous_1)
FN:20,(anonymous_2)
FN:23,(anonymous_3)
FNF:4
FNH:4
FNDA:8,(anonymous_0)
FNDA:2,(anonymous_1)
FNDA:1,(anonymous_2)
FNDA:1,(anonymous_3)
DA:8,8
DA:9,8
DA:10,8
DA:15,2
DA:20,1
DA:23,1
DA:33,3
LF:7
LH:7
BRDA:14,0,0,1
BRDA:14,0,1,7
BRDA:18,1,0,8
BRDA:18,1,1,1
BRF:4
BRH:4
end_of_record
TN:
SF:/Users/patrickmclennan/Documents/record_store/client/components/Splash.js
FN:16,(anonymous_0)
FN:28,(anonymous_1)
FN:35,(anonymous_2)
FN:47,(anonymous_3)
FN:94,(anonymous_4)
FN:105,(anonymous_5)
FNF:6
FNH:5
FNDA:1,(anonymous_0)
FNDA:2,(anonymous_1)
FNDA:1,(anonymous_2)
FNDA:4,(anonymous_3)
FNDA:0,(anonymous_4)
FNDA:1,(anonymous_5)
DA:17,1
DA:18,1
DA:19,1
DA:29,2
DA:30,2
DA:36,1
DA:37,1
DA:38,1
DA:39,1
DA:40,1
DA:41,0
DA:42,0
DA:44,1
DA:48,4
DA:49,4
DA:94,0
DA:105,1
DA:119,1
LF:18
LH:15
BRDA:19,0,0,0
BRDA:19,0,1,1
BRDA:39,1,0,1
BRDA:39,1,1,0
BRDA:41,2,0,0
BRDA:41,2,1,0
BRDA:41,3,0,0
BRDA:41,3,1,0
BRF:8
BRH:2
end_of_record
TN:
SF:/Users/patrickmclennan/Documents/record_store/client/components/Store.js
FN:14,(anonymous_0)
FN:19,(anonymous_1)
FN:21,(anonymous_2)
FN:27,(anonymous_3)
FN:33,(anonymous_4)
FN:41,(anonymous_5)
FNF:6
FNH:4
FNDA:1,(anonymous_0)
FNDA:0,(anonymous_1)
FNDA:0,(anonymous_2)
FNDA:1,(anonymous_3)
FNDA:2,(anonymous_4)
FNDA:4,(anonymous_5)
DA:15,1
DA:16,1
DA:20,0
DA:21,0
DA:22,0
DA:24,0
DA:28,1
DA:29,1
DA:30,1
DA:34,2
DA:35,2
DA:42,4
DA:61,1
LF:13
LH:9
BRDA:16,0,0,1
BRDA:16,0,1,0
BRDA:19,1,0,0
BRDA:22,2,0,0
BRDA:22,2,1,0
BRDA:40,3,0,2
BRDA:40,3,1,0
BRF:7
BRH:2
end_of_record
TN:
SF:/Users/patrickmclennan/Documents/record_store/client/components/dummies.js
FNF:0
FNH:0
DA:1,6
DA:25,6
DA:36,6
LF:3
LH:3
BRF:0
BRH:0
end_of_record
TN:
SF:/Users/patrickmclennan/Documents/record_store/client/components/styles/Loader.styles.js
FNF:0
FNH:0
DA:3,1
LF:1
LH:1
BRF:0
BRH:0
end_of_record
TN:
SF:/Users/patrickmclennan/Documents/record_store/client/components/styles/Nav.styles.js
FN:57,(anonymous_0)
FN:78,(anonymous_1)
FNF:2
FNH:2
FNDA:12,(anonymous_0)
FNDA:12,(anonymous_1)
DA:4,1
DA:57,12
DA:78,12
LF:3
LH:3
BRF:0
BRH:0
end_of_record
TN:
SF:/Users/patrickmclennan/Documents/record_store/client/components/styles/Record.styles.js
FN:22,(anonymous_0)
FN:26,(anonymous_1)
FNF:2
FNH:2
FNDA:12,(anonymous_0)
FNDA:12,(anonymous_1)
DA:3,3
DA:22,12
DA:26,12
LF:3
LH:3
BRF:0
BRH:0
end_of_record
TN:
SF:/Users/patrickmclennan/Documents/record_store/client/components/styles/SVG.styles.js
FN:35,(anonymous_0)
FN:61,(anonymous_1)
FN:72,(anonymous_2)
FNF:3
FNH:3
FNDA:8,(anonymous_0)
FNDA:10,(anonymous_1)
FNDA:16,(anonymous_2)
DA:3,4
DA:13,4
DA:34,4
DA:35,8
DA:43,4
DA:50,4
DA:55,4
DA:60,4
DA:61,10
DA:71,4
DA:72,16
LF:11
LH:11
BRF:0
BRH:0
end_of_record
TN:
SF:/Users/patrickmclennan/Documents/record_store/client/components/styles/SectionHeader.styles.js
FN:11,(anonymous_0)
FNF:1
FNH:1
FNDA:42,(anonymous_0)
DA:3,6
DA:11,42
LF:2
LH:2
BRF:0
BRH:0
end_of_record
TN:
SF:/Users/patrickmclennan/Documents/record_store/client/components/styles/Sort.styles.js
FN:7,(anonymous_0)
FN:17,(anonymous_1)
FN:18,(anonymous_2)
FN:22,(anonymous_3)
FN:24,(anonymous_4)
FN:25,(anonymous_5)
FN:43,(anonymous_6)
FNF:7
FNH:6
FNDA:16,(anonymous_0)
FNDA:16,(anonymous_1)
FNDA:16,(anonymous_2)
FNDA:16,(anonymous_3)
FNDA:0,(anonymous_4)
FNDA:16,(anonymous_5)
FNDA:16,(anonymous_6)
DA:3,3
DA:7,16
DA:17,16
DA:19,16
DA:23,16
DA:24,0
DA:25,16
DA:43,16
LF:8
LH:7
BRDA:23,0,0,0
BRDA:23,0,1,16
BRF:2
BRH:1
end_of_record
TN:
SF:/Users/patrickmclennan/Documents/record_store/client/components/styles/Splash.styles.js
FN:10,(anonymous_0)
FN:22,(anonymous_1)
FN:26,(anonymous_2)
FNF:3
FNH:3
FNDA:8,(anonymous_0)
FNDA:8,(anonymous_1)
FNDA:8,(anonymous_2)
DA:4,1
DA:10,8
DA:22,8
DA:26,8
LF:4
LH:4
BRF:0
BRH:0
end_of_record
TN:
SF:/Users/patrickmclennan/Documents/record_store/client/components/styles/Store.styles.js
FN:28,(anonymous_0)
FNF:1
FNH:1
FNDA:4,(anonymous_0)
DA:3,2
DA:16,2
DA:27,2
DA:28,4
LF:4
LH:4
BRF:0
BRH:0
end_of_record
TN:
SF:/Users/patrickmclennan/Documents/record_store/client/components/styles/UserBadge.styles.js
FN:13,(anonymous_0)
FNF:1
FNH:1
FNDA:36,(anonymous_0)
DA:4,4
DA:13,36
LF:2
LH:2
BRDA:13,0,0,12
BRDA:13,0,1,24
BRF:2
BRH:2
end_of_record
TN:
SF:/Users/patrickmclennan/Documents/record_store/client/components/styles/form.styles.js
FN:6,(anonymous_0)
FN:14,(anonymous_1)
FN:24,(anonymous_2)
FN:25,(anonymous_3)
FN:26,(anonymous_4)
FN:31,(anonymous_5)
FN:47,(anonymous_6)
FN:48,(anonymous_7)
FN:54,(anonymous_8)
FN:58,(anonymous_9)
FN:71,(anonymous_10)
FN:89,(anonymous_11)
FN:96,(anonymous_12)
FN:97,(anonymous_13)
FN:104,(anonymous_14)
FN:105,(anonymous_15)
FN:112,(anonymous_16)
FN:124,(anonymous_17)
FN:125,(anonymous_18)
FNF:19
FNH:19
FNDA:36,(anonymous_0)
FNDA:36,(anonymous_1)
FNDA:36,(anonymous_2)
FNDA:36,(anonymous_3)
FNDA:36,(anonymous_4)
FNDA:36,(anonymous_5)
FNDA:36,(anonymous_6)
FNDA:36,(anonymous_7)
FNDA:36,(anonymous_8)
FNDA:36,(anonymous_9)
FNDA:36,(anonymous_10)
FNDA:36,(anonymous_11)
FNDA:36,(anonymous_12)
FNDA:36,(anonymous_13)
FNDA:36,(anonymous_14)
FNDA:36,(anonymous_15)
FNDA:36,(anonymous_16)
FNDA:36,(anonymous_17)
FNDA:36,(anonymous_18)
DA:4,4
DA:6,36
DA:14,36
DA:24,36
DA:25,36
DA:26,36
DA:31,36
DA:47,36
DA:48,36
DA:54,36
DA:58,36
DA:71,36
DA:89,36
DA:96,36
DA:97,36
DA:104,36
DA:105,36
DA:112,36
DA:124,36
DA:125,36
LF:20
LH:20
BRF:0
BRH:0
end_of_record
TN:
SF:/Users/patrickmclennan/Documents/record_store/client/components/styles/index.styles.js
FN:58,(anonymous_0)
FNF:1
FNH:1
FNDA:82,(anonymous_0)
DA:4,8
DA:52,8
DA:59,82
DA:84,8
LF:4
LH:4
BRDA:58,0,0,2
BRDA:58,1,0,26
BRDA:58,2,0,26
BRF:3
BRH:3
end_of_record
TN:
SF:/Users/patrickmclennan/Documents/record_store/client/components/styles/queries.js
FN:15,(anonymous_0)
FN:18,(anonymous_1)
FNF:2
FNH:2
FNDA:81,(anonymous_0)
FNDA:22,(anonymous_1)
DA:3,9
DA:15,9
DA:16,81
DA:19,22
LF:4
LH:4
BRF:0
BRH:0
end_of_record
TN:
SF:/Users/patrickmclennan/Documents/record_store/client/components/styles/userProfile.styles.js
FN:4,(anonymous_0)
FN:5,(anonymous_1)
FNF:2
FNH:2
FNDA:2,(anonymous_0)
FNDA:2,(anonymous_1)
DA:3,1
DA:4,2
DA:5,2
LF:3
LH:3
BRF:0
BRH:0
end_of_record
