TN:
SF:/Users/patrickmclennan/Documents/record_store/client/components/Account.js
FN:12,(anonymous_0)
FN:19,(anonymous_1)
FN:26,(anonymous_2)
FN:31,(anonymous_3)
FNF:4
FNH:4
FNDA:2,(anonymous_0)
FNDA:3,(anonymous_1)
FNDA:1,(anonymous_2)
FNDA:6,(anonymous_3)
DA:13,2
DA:14,2
DA:15,2
DA:16,2
DA:20,3
DA:21,3
DA:22,3
DA:23,3
DA:27,1
DA:28,1
DA:32,6
DA:33,6
DA:108,1
LF:13
LH:13
BRDA:37,0,0,6
BRDA:37,0,1,0
BRDA:38,1,0,6
BRDA:38,1,1,0
BRDA:93,2,0,6
BRDA:93,2,1,0
BRF:6
BRH:3
end_of_record
TN:
SF:/Users/patrickmclennan/Documents/record_store/client/components/AddRecord.js
FN:14,(anonymous_0)
FN:20,(anonymous_1)
FN:27,(anonymous_2)
FNF:3
FNH:3
FNDA:1,(anonymous_0)
FNDA:3,(anonymous_1)
FNDA:5,(anonymous_2)
DA:15,1
DA:16,1
DA:17,1
DA:21,3
DA:22,3
DA:28,5
DA:29,5
DA:86,1
LF:8
LH:8
BRDA:34,0,0,1
BRDA:34,0,1,4
BRDA:35,1,0,3
BRDA:35,1,1,2
BRF:4
BRH:4
end_of_record
TN:
SF:/Users/patrickmclennan/Documents/record_store/client/components/Loader.js
FN:5,(anonymous_0)
FNF:1
FNH:0
FNDA:0,(anonymous_0)
DA:6,0
LF:1
LH:0
BRF:0
BRH:0
end_of_record
TN:
SF:/Users/patrickmclennan/Documents/record_store/client/components/Nav.js
FN:12,(anonymous_0)
FN:18,(anonymous_1)
FN:24,(anonymous_2)
FN:40,(anonymous_3)
FN:47,(anonymous_4)
FN:54,(anonymous_5)
FN:61,(anonymous_6)
FN:74,(anonymous_7)
FN:78,(anonymous_8)
FNF:9
FNH:7
FNDA:1,(anonymous_0)
FNDA:3,(anonymous_1)
FNDA:5,(anonymous_2)
FNDA:1,(anonymous_3)
FNDA:1,(anonymous_4)
FNDA:1,(anonymous_5)
FNDA:1,(anonymous_6)
FNDA:0,(anonymous_7)
FNDA:0,(anonymous_8)
DA:13,1
DA:14,1
DA:15,1
DA:19,3
DA:20,3
DA:21,3
DA:25,5
DA:26,5
DA:27,5
DA:40,1
DA:47,1
DA:54,1
DA:61,1
DA:74,0
DA:78,0
DA:84,1
LF:16
LH:14
BRDA:33,0,0,5
BRDA:33,0,1,5
BRDA:38,1,0,0
BRDA:38,1,1,5
BRDA:45,2,0,0
BRDA:45,2,1,5
BRDA:52,3,0,0
BRDA:52,3,1,5
BRDA:59,4,0,0
BRDA:59,4,1,5
BRDA:68,5,0,5
BRDA:68,5,1,0
BRDA:68,6,0,5
BRDA:68,6,1,5
BRDA:72,7,0,5
BRDA:72,7,1,0
BRDA:72,8,0,5
BRDA:72,8,1,5
BRDA:78,9,0,5
BRDA:78,9,1,0
BRF:20
BRH:13
end_of_record
TN:
SF:/Users/patrickmclennan/Documents/record_store/client/components/Record.js
FN:5,(anonymous_0)
FNF:1
FNH:1
FNDA:5,(anonymous_0)
DA:5,2
DA:6,5
DA:22,2
LF:3
LH:3
BRF:0
BRH:0
end_of_record
TN:
SF:/Users/patrickmclennan/Documents/record_store/client/components/SVGs.js
FN:10,(anonymous_0)
FN:44,(anonymous_1)
FN:78,(anonymous_2)
FN:112,(anonymous_3)
FN:115,(anonymous_4)
FN:152,(anonymous_5)
FN:163,(anonymous_6)
FNF:7
FNH:5
FNDA:4,(anonymous_0)
FNDA:0,(anonymous_1)
FNDA:0,(anonymous_2)
FNDA:5,(anonymous_3)
FNDA:2,(anonymous_4)
FNDA:4,(anonymous_5)
FNDA:4,(anonymous_6)
DA:10,3
DA:11,4
DA:44,3
DA:45,0
DA:78,3
DA:79,0
DA:112,3
DA:113,5
DA:115,2
DA:147,3
DA:152,3
DA:153,4
DA:163,3
DA:164,4
LF:14
LH:12
BRF:0
BRH:0
end_of_record
TN:
SF:/Users/patrickmclennan/Documents/record_store/client/components/SectionHeader.js
FN:4,(anonymous_0)
FNF:1
FNH:1
FNDA:18,(anonymous_0)
DA:4,5
DA:5,18
DA:11,5
LF:3
LH:3
BRF:0
BRH:0
end_of_record
TN:
SF:/Users/patrickmclennan/Documents/record_store/client/components/Sort.js
FN:7,(anonymous_0)
FN:15,(anonymous_1)
FN:20,(anonymous_2)
FN:23,(anonymous_3)
FNF:4
FNH:4
FNDA:5,(anonymous_0)
FNDA:2,(anonymous_1)
FNDA:1,(anonymous_2)
FNDA:1,(anonymous_3)
DA:8,5
DA:9,5
DA:10,5
DA:15,2
DA:20,1
DA:23,1
DA:33,2
LF:7
LH:7
BRDA:14,0,0,1
BRDA:14,0,1,4
BRDA:18,1,0,5
BRDA:18,1,1,1
BRF:4
BRH:4
end_of_record
TN:
SF:/Users/patrickmclennan/Documents/record_store/client/components/Splash.js
FN:16,(anonymous_0)
FN:28,(anonymous_1)
FN:35,(anonymous_2)
FN:47,(anonymous_3)
FN:94,(anonymous_4)
FN:105,(anonymous_5)
FNF:6
FNH:5
FNDA:1,(anonymous_0)
FNDA:2,(anonymous_1)
FNDA:1,(anonymous_2)
FNDA:4,(anonymous_3)
FNDA:0,(anonymous_4)
FNDA:1,(anonymous_5)
DA:17,1
DA:18,1
DA:19,1
DA:29,2
DA:30,2
DA:36,1
DA:37,1
DA:38,1
DA:39,1
DA:40,1
DA:41,0
DA:42,0
DA:44,1
DA:48,4
DA:49,4
DA:94,0
DA:105,1
DA:119,1
LF:18
LH:15
BRDA:19,0,0,0
BRDA:19,0,1,1
BRDA:39,1,0,1
BRDA:39,1,1,0
BRDA:41,2,0,0
BRDA:41,2,1,0
BRDA:41,3,0,0
BRDA:41,3,1,0
BRF:8
BRH:2
end_of_record
TN:
SF:/Users/patrickmclennan/Documents/record_store/client/components/Store.js
FN:14,(anonymous_0)
FN:19,(anonymous_1)
FN:21,(anonymous_2)
FN:27,(anonymous_3)
FN:33,(anonymous_4)
FN:41,(anonymous_5)
FNF:6
FNH:4
FNDA:1,(anonymous_0)
FNDA:0,(anonymous_1)
FNDA:0,(anonymous_2)
FNDA:1,(anonymous_3)
FNDA:2,(anonymous_4)
FNDA:4,(anonymous_5)
DA:15,1
DA:16,1
DA:20,0
DA:21,0
DA:22,0
DA:24,0
DA:28,1
DA:29,1
DA:30,1
DA:34,2
DA:35,2
DA:42,4
DA:60,1
LF:13
LH:9
BRDA:16,0,0,1
BRDA:16,0,1,0
BRDA:19,1,0,0
BRDA:22,2,0,0
BRDA:22,2,1,0
BRDA:40,3,0,2
BRDA:40,3,1,0
BRF:7
BRH:2
end_of_record
TN:
SF:/Users/patrickmclennan/Documents/record_store/client/components/dummies.js
FNF:0
FNH:0
DA:1,5
DA:25,5
DA:36,5
LF:3
LH:3
BRF:0
BRH:0
end_of_record
TN:
SF:/Users/patrickmclennan/Documents/record_store/client/components/styles/Loader.styles.js
FNF:0
FNH:0
DA:3,1
LF:1
LH:1
BRF:0
BRH:0
end_of_record
TN:
SF:/Users/patrickmclennan/Documents/record_store/client/components/styles/Nav.styles.js
FN:57,(anonymous_0)
FN:78,(anonymous_1)
FNF:2
FNH:2
FNDA:10,(anonymous_0)
FNDA:10,(anonymous_1)
DA:4,1
DA:57,10
DA:78,10
LF:3
LH:3
BRF:0
BRH:0
end_of_record
TN:
SF:/Users/patrickmclennan/Documents/record_store/client/components/styles/Record.styles.js
FN:22,(anonymous_0)
FN:26,(anonymous_1)
FNF:2
FNH:2
FNDA:10,(anonymous_0)
FNDA:10,(anonymous_1)
DA:3,2
DA:22,10
DA:26,10
LF:3
LH:3
BRF:0
BRH:0
end_of_record
TN:
SF:/Users/patrickmclennan/Documents/record_store/client/components/styles/SVG.styles.js
FN:35,(anonymous_0)
FN:61,(anonymous_1)
FN:72,(anonymous_2)
FNF:3
FNH:3
FNDA:8,(anonymous_0)
FNDA:10,(anonymous_1)
FNDA:16,(anonymous_2)
DA:3,3
DA:13,3
DA:34,3
DA:35,8
DA:43,3
DA:50,3
DA:55,3
DA:60,3
DA:61,10
DA:71,3
DA:72,16
LF:11
LH:11
BRF:0
BRH:0
end_of_record
TN:
SF:/Users/patrickmclennan/Documents/record_store/client/components/styles/SectionHeader.styles.js
FN:11,(anonymous_0)
FNF:1
FNH:1
FNDA:36,(anonymous_0)
DA:3,5
DA:11,36
LF:2
LH:2
BRF:0
BRH:0
end_of_record
TN:
SF:/Users/patrickmclennan/Documents/record_store/client/components/styles/Sort.styles.js
FN:7,(anonymous_0)
FN:17,(anonymous_1)
FN:18,(anonymous_2)
FN:22,(anonymous_3)
FN:24,(anonymous_4)
FN:25,(anonymous_5)
FN:43,(anonymous_6)
FNF:7
FNH:6
FNDA:10,(anonymous_0)
FNDA:10,(anonymous_1)
FNDA:10,(anonymous_2)
FNDA:10,(anonymous_3)
FNDA:0,(anonymous_4)
FNDA:10,(anonymous_5)
FNDA:10,(anonymous_6)
DA:3,2
DA:7,10
DA:17,10
DA:19,10
DA:23,10
DA:24,0
DA:25,10
DA:43,10
LF:8
LH:7
BRDA:23,0,0,0
BRDA:23,0,1,10
BRF:2
BRH:1
end_of_record
TN:
SF:/Users/patrickmclennan/Documents/record_store/client/components/styles/Splash.styles.js
FN:10,(anonymous_0)
FN:22,(anonymous_1)
FN:26,(anonymous_2)
FNF:3
FNH:3
FNDA:8,(anonymous_0)
FNDA:8,(anonymous_1)
FNDA:8,(anonymous_2)
DA:4,1
DA:10,8
DA:22,8
DA:26,8
LF:4
LH:4
BRF:0
BRH:0
end_of_record
TN:
SF:/Users/patrickmclennan/Documents/record_store/client/components/styles/Store.styles.js
FN:28,(anonymous_0)
FNF:1
FNH:0
FNDA:0,(anonymous_0)
DA:3,1
DA:16,1
DA:27,1
DA:28,0
LF:4
LH:3
BRF:0
BRH:0
end_of_record
TN:
SF:/Users/patrickmclennan/Documents/record_store/client/components/styles/UserBadge.styles.js
FN:13,(anonymous_0)
FNF:1
FNH:1
FNDA:32,(anonymous_0)
DA:4,3
DA:13,32
LF:2
LH:2
BRDA:13,0,0,10
BRDA:13,0,1,22
BRF:2
BRH:2
end_of_record
TN:
SF:/Users/patrickmclennan/Documents/record_store/client/components/styles/form.styles.js
FN:6,(anonymous_0)
FN:14,(anonymous_1)
FN:24,(anonymous_2)
FN:25,(anonymous_3)
FN:26,(anonymous_4)
FN:31,(anonymous_5)
FN:47,(anonymous_6)
FN:48,(anonymous_7)
FN:54,(anonymous_8)
FN:58,(anonymous_9)
FN:71,(anonymous_10)
FN:89,(anonymous_11)
FN:96,(anonymous_12)
FN:97,(anonymous_13)
FN:104,(anonymous_14)
FN:105,(anonymous_15)
FN:112,(anonymous_16)
FN:124,(anonymous_17)
FN:125,(anonymous_18)
FNF:19
FNH:19
FNDA:30,(anonymous_0)
FNDA:30,(anonymous_1)
FNDA:30,(anonymous_2)
FNDA:30,(anonymous_3)
FNDA:30,(anonymous_4)
FNDA:30,(anonymous_5)
FNDA:30,(anonymous_6)
FNDA:30,(anonymous_7)
FNDA:30,(anonymous_8)
FNDA:30,(anonymous_9)
FNDA:30,(anonymous_10)
FNDA:30,(anonymous_11)
FNDA:30,(anonymous_12)
FNDA:30,(anonymous_13)
FNDA:30,(anonymous_14)
FNDA:30,(anonymous_15)
FNDA:30,(anonymous_16)
FNDA:30,(anonymous_17)
FNDA:30,(anonymous_18)
DA:4,3
DA:6,30
DA:14,30
DA:24,30
DA:25,30
DA:26,30
DA:31,30
DA:47,30
DA:48,30
DA:54,30
DA:58,30
DA:71,30
DA:89,30
DA:96,30
DA:97,30
DA:104,30
DA:105,30
DA:112,30
DA:124,30
DA:125,30
LF:20
LH:20
BRF:0
BRH:0
end_of_record
TN:
SF:/Users/patrickmclennan/Documents/record_store/client/components/styles/index.styles.js
FN:58,(anonymous_0)
FNF:1
FNH:1
FNDA:66,(anonymous_0)
DA:4,7
DA:52,7
DA:59,66
DA:84,7
LF:4
LH:4
BRDA:58,0,0,0
BRDA:58,1,0,18
BRDA:58,2,0,18
BRF:3
BRH:2
end_of_record
TN:
SF:/Users/patrickmclennan/Documents/record_store/client/components/styles/queries.js
FN:15,(anonymous_0)
FN:18,(anonymous_1)
FNF:2
FNH:2
FNDA:72,(anonymous_0)
FNDA:19,(anonymous_1)
DA:3,8
DA:15,8
DA:16,72
DA:19,19
LF:4
LH:4
BRF:0
BRH:0
end_of_record
